<?xml version="1.0" encoding="UTF-8"?>
<!-- Generated by org.testng.reporters.JUnitXMLReporter -->
<testsuite ignored="0" hostname="LAPTOP-KQ9V90K9" failures="1" tests="3" name="Default test" time="18.936" errors="0" timestamp="2025-12-29T02:06:10 IST">
  <testcase classname="runners.TestNGRTestRunner" name="runScenario" time="7.355">
    <skipped/>
  </testcase> <!-- runScenario -->
  <testcase classname="runners.TestNGRTestRunner" name="runScenario" time="3.56">
    <skipped/>
  </testcase> <!-- runScenario -->
  <testcase classname="runners.TestNGRTestRunner" name="runScenario" time="3.244">
    <failure type="java.lang.AssertionError" message="Message Verification failed! expected [Success: Youuu have added iPhone to your shopping cart!] but found [Success: You have added iPhone to your shopping cart!
×] expected [true] but found [false]">
      <![CDATA[java.lang.AssertionError: Message Verification failed! expected [Success: Youuu have added iPhone to your shopping cart!] but found [Success: You have added iPhone to your shopping cart!
×] expected [true] but found [false]
at org.testng.Assert.fail(Assert.java:111)
at org.testng.Assert.failNotEquals(Assert.java:1590)
at org.testng.Assert.assertTrue(Assert.java:57)
at stepDefinitions.ProductDisplayPageStepDefinitions.success_message_with_text_should_be_displayed(ProductDisplayPageStepDefinitions.java:142)
at ✽.Success message with text - 'Success: Youuu have added iPhone to your shopping cart!' should be displayed(file:///D:/sumit/Cucumber-Selenium-TutorialNinja/src/test/resources/features/HomePageFunctionality.feature:10)
]]>
    </failure>
  </testcase> <!-- runScenario -->
</testsuite> <!-- Default test -->
