<?xml version="1.0" encoding="UTF-8"?>
<!-- Generated by org.testng.reporters.JUnitXMLReporter -->
<testsuite ignored="0" hostname="LAPTOP-KQ9V90K9" failures="1" tests="1" name="CrossBrowser Tests - Firefox" time="14.786" errors="0" timestamp="2025-11-07T15:07:13 IST">
  <testcase classname="io.cucumber.testng.AbstractTestNGCucumberTests" name="runScenario" time="14.733">
    <failure type="java.lang.AssertionError" message="User is not landed on contactUs Page! expected [true] but found [false]">
      <![CDATA[java.lang.AssertionError: User is not landed on contactUs Page! expected [true] but found [false]
at stepDefinitions.ContactUsPageStepDefinitions.user_should_be_taken_to_contact_us_page(ContactUsPageStepDefinitions.java:83)
at ✽.User should be taken to Contact Us page(file:///C:/Users/Sumit/eclipse-workspace/NewAccount02092025/cucumber-selenium-tutorialsninja/src/test/java/features/ContactUsFunctionality.feature:120)
... Removed 3 stack frames]]>
    </failure>
  </testcase> <!-- runScenario -->
</testsuite> <!-- CrossBrowser Tests - Firefox -->
