<?xml version="1.0" encoding="UTF-8"?>
<testsuite xmlns:xsi="http://www.w3.org/2001/XMLSchema-instance" xsi:noNamespaceSchemaLocation="https://maven.apache.org/surefire/maven-surefire-plugin/xsd/surefire-test-report.xsd" version="3.0.2" name="TestSuite" time="15.487" tests="1" errors="0" skipped="0" failures="0">
  <properties>
[...]
</properties>
  <testcase name="runScenario[&quot;Validate adding the product to Cart from Product Display Page&quot;, &quot;Validate Add to Cart functionality&quot;](1)" classname="runners.TestNGRTestRunner" time="9.042">
    <system-out><![CDATA[
@AddToCart @TC_ATC_001 @Regression
Scenario: Validate adding the product to Cart from Product Display Page                                        # file:///C:/Users/Sumit/eclipse-workspace/NewAccount02092025/cucumber-selenium-tutorialsninja/src/test/java/features/AddToCart.feature:4
23:18:13 [main] INFO  TestContextSetup - TestContextSetup initiated.
23:18:13 [main] INFO  TestContextSetup - ------ Starting Scenario: Validate adding the product to Cart from Product Display Page ------
23:18:13 [main] INFO  TestContextSetup - verifying homePage title is displayed!!
23:18:13 [main] INFO  TestContextSetup - homePage title is displayed has been verified!!
  âœ” Given User is on the TutorialsNinja home page                                                              # stepDefinitions.HomePageStepDefinitions.user_is_on_the_tutorials_ninja_home_page()
23:18:13 [main] INFO  TestContextSetup - entering text into text box field using existing product name!
23:18:14 [main] INFO  TestContextSetup - entered successfully text into text box field using existing product name!
  âœ” When User enters any existing product name "iMac" into the search text box field                           # stepDefinitions.HomePageStepDefinitions.user_enters_any_existing_product_name_into_the_search_text_box_field(java.lang.String)
23:18:14 [main] INFO  TestContextSetup - clicking on search button!
23:18:14 [main] INFO  TestContextSetup - clicked successfully on search icon!
  âœ” And User clicks on button having search icon                                                               # stepDefinitions.HomePageStepDefinitions.user_clicks_on_button_having_search_icon()
  âœ” And User must click on displayed product in search result                                                  # stepDefinitions.SearchPageStepDefinitions.user_must_click_on_displayed_product_in_search_result()
  âœ” And click on Add to cart button                                                                            # stepDefinitions.ProductDisplayPageStepDefinitions.click_on_add_to_cart_button()
23:18:15 [main] INFO  TestContextSetup - Verifying success message: Success: You have added iMac to your shopping cart!
Captured success message: Success: You have added iMac to your shopping cart!
×
  âœ” Then Success message with text - 'Success: You have added iMac to your shopping cart!' should be displayed # stepDefinitions.ProductDisplayPageStepDefinitions.success_message_with_text_should_be_displayed(java.lang.String)
  âœ” When User click on the shopping cart! link in the displayed success message                                # stepDefinitions.ProductDisplayPageStepDefinitions.user_click_on_the_shopping_cart_link_in_the_displayed_success_message()
  âœ” Then User must see product successfully displayed in the shopping cart page                                # stepDefinitions.ProductDisplayPageStepDefinitions.user_must_see_product_successfully_displayed_in_the_shopping_cart_page()
23:18:16 [main] INFO  TestContextSetup - ------ Ending Scenario: Validate adding the product to Cart from Product Display Page ------
]]></system-out>
    <system-err><![CDATA[SLF4J(W): No SLF4J providers were found.
SLF4J(W): Defaulting to no-operation (NOP) logger implementation
SLF4J(W): See https://www.slf4j.org/codes.html#noProviders for further details.
Nov 23, 2025 11:18:11 PM org.openqa.selenium.devtools.CdpVersionFinder findNearestMatch
WARNING: Unable to find an exact match for CDP version 142, returning the closest version; found: 139; Please update to a Selenium version that supports CDP version 142
]]></system-err>
  </testcase>
</testsuite>