<?xml version="1.0" encoding="UTF-8"?>
<testng-results ignored="0" total="1" passed="1" failed="0" skipped="0">
  <reporter-output>
  </reporter-output>
  <suite started-at="2025-11-12T22:19:42 IST" name="Surefire suite" finished-at="2025-11-12T22:19:58 IST" duration-ms="16169">
    <groups>
      <group name="cucumber">
        <method signature="AbstractTestNGCucumberTests.runScenario(io.cucumber.testng.PickleWrapper,io.cucumber.testng.FeatureWrapper)[pri:0, instance:runners.TestNGRTestRunner@619713e5]" name="runScenario" class="io.cucumber.testng.AbstractTestNGCucumberTests"/>
      </group> <!-- cucumber -->
    </groups>
    <test started-at="2025-11-12T22:19:42 IST" name="Surefire test" finished-at="2025-11-12T22:19:58 IST" duration-ms="16169">
      <class name="runners.TestNGRTestRunner">
        <test-method is-config="true" signature="setUpClass(org.testng.ITestContext)[pri:0, instance:runners.TestNGRTestRunner@619713e5]" started-at="2025-11-12T22:19:42 IST" name="setUpClass" finished-at="2025-11-12T22:19:44 IST" duration-ms="1961" status="PASS">
          <params>
            <param index="0">
              <value>
                <![CDATA[org.testng.TestRunner@6adcf059]]>
              </value>
            </param>
          </params>
          <reporter-output>
          </reporter-output>
        </test-method> <!-- setUpClass -->
        <test-method signature="runScenario(io.cucumber.testng.PickleWrapper,io.cucumber.testng.FeatureWrapper)[pri:0, instance:runners.TestNGRTestRunner@619713e5]" started-at="2025-11-12T22:19:44 IST" name="runScenario" description="Runs Cucumber Scenarios" data-provider="scenarios" finished-at="2025-11-12T22:19:55 IST" duration-ms="11431" status="PASS">
          <params>
            <param index="0">
              <value>
                <![CDATA["Validate navigation to Address Book page"]]>
              </value>
            </param>
            <param index="1">
              <value>
                <![CDATA["verify address book functionality"]]>
              </value>
            </param>
          </params>
          <reporter-output>
          </reporter-output>
        </test-method> <!-- runScenario -->
        <test-method is-config="true" signature="tearDownClass()[pri:0, instance:runners.TestNGRTestRunner@619713e5]" started-at="2025-11-12T22:19:55 IST" name="tearDownClass" finished-at="2025-11-12T22:19:58 IST" duration-ms="2689" status="PASS">
          <reporter-output>
          </reporter-output>
        </test-method> <!-- tearDownClass -->
      </class> <!-- runners.TestNGRTestRunner -->
    </test> <!-- Surefire test -->
  </suite> <!-- Surefire suite -->
</testng-results>
