<?xml version="1.0" encoding="UTF-8"?>
<testng-results ignored="0" total="1" passed="1" failed="0" skipped="0">
  <reporter-output>
  </reporter-output>
  <suite started-at="2025-11-23T23:18:06 IST" name="RegisterAccountSuite" finished-at="2025-11-23T23:18:20 IST" duration-ms="14471">
    <groups>
      <group name="cucumber">
        <method signature="AbstractTestNGCucumberTests.runScenario(io.cucumber.testng.PickleWrapper,io.cucumber.testng.FeatureWrapper)[pri:0, instance:runners.TestNGRTestRunner@13c9d689]" name="runScenario" class="io.cucumber.testng.AbstractTestNGCucumberTests"/>
      </group> <!-- cucumber -->
    </groups>
    <test started-at="2025-11-23T23:18:06 IST" name="Functional Tests" finished-at="2025-11-23T23:18:20 IST" duration-ms="14471">
      <class name="runners.TestNGRTestRunner">
        <test-method is-config="true" signature="setUpClass(org.testng.ITestContext)[pri:0, instance:runners.TestNGRTestRunner@13c9d689]" started-at="2025-11-23T23:18:06 IST" name="setUpClass" finished-at="2025-11-23T23:18:08 IST" duration-ms="1916" status="PASS">
          <params>
            <param index="0">
              <value>
                <![CDATA[org.testng.TestRunner@5d68954d]]>
              </value>
            </param>
          </params>
          <reporter-output>
          </reporter-output>
        </test-method> <!-- setUpClass -->
        <test-method signature="runScenario(io.cucumber.testng.PickleWrapper,io.cucumber.testng.FeatureWrapper)[pri:0, instance:runners.TestNGRTestRunner@13c9d689]" started-at="2025-11-23T23:18:08 IST" name="runScenario" description="Runs Cucumber Scenarios" data-provider="scenarios" finished-at="2025-11-23T23:18:17 IST" duration-ms="9038" status="PASS">
          <params>
            <param index="0">
              <value>
                <![CDATA["Validate adding the product to Cart from Product Display Page"]]>
              </value>
            </param>
            <param index="1">
              <value>
                <![CDATA["Validate Add to Cart functionality"]]>
              </value>
            </param>
          </params>
          <reporter-output>
          </reporter-output>
        </test-method> <!-- runScenario -->
        <test-method is-config="true" signature="tearDownClass()[pri:0, instance:runners.TestNGRTestRunner@13c9d689]" started-at="2025-11-23T23:18:17 IST" name="tearDownClass" finished-at="2025-11-23T23:18:20 IST" duration-ms="3424" status="PASS">
          <reporter-output>
          </reporter-output>
        </test-method> <!-- tearDownClass -->
      </class> <!-- runners.TestNGRTestRunner -->
    </test> <!-- Functional Tests -->
  </suite> <!-- RegisterAccountSuite -->
</testng-results>
