<?xml version="1.0" encoding="UTF-8"?>
<testsuite xmlns:xsi="http://www.w3.org/2001/XMLSchema-instance" xsi:noNamespaceSchemaLocation="https://maven.apache.org/surefire/maven-surefire-plugin/xsd/surefire-test-report-3.0.xsd" version="3.0" name="TestSuite" time="16.99" tests="1" errors="0" skipped="0" failures="0">
  <properties>
[...]
</properties>
  <testcase name="runScenario[&quot;Validate navigation to Address Book page&quot;, &quot;verify address book functionality&quot;](1)" classname="runners.TestNGRTestRunner" time="11.44">
    <system-out><![CDATA[
@addressBook @TC_AB_001
Scenario: Validate navigation to Address Book page                      # file:///C:/Users/Sumit/eclipse-workspace/NewAccount02092025/cucumber-selenium-tutorialsninja/src/test/java/features/AddressBook.feature:4
22:19:50 [main] INFO  TestContextSetup - TestContextSetup initiated.
22:19:50 [main] INFO  TestContextSetup - ------ Starting Scenario: Validate navigation to Address Book page ------
22:19:50 [main] INFO  TestContextSetup - verifying homePage title is displayed!!
22:19:50 [main] INFO  TestContextSetup - homePage title is displayed has been verified!!
  âœ” Given User is on the TutorialsNinja home page                       # stepDefinitions.HomePageStepDefinitions.user_is_on_the_tutorials_ninja_home_page()
22:19:50 [main] INFO  TestContextSetup - creating new account and verifying user is landed on my account page!!
New account created: user_9c374@test.com
Password used: AGUQ5001@WPEQ
22:19:54 [main] INFO  TestContextSetup - created new account and verified user is landed on my account page!!
  âœ” When User creates new account and landed on my Account page         # stepDefinitions.MyAccountPageStepDefinitions.user_creates_new_account_and_landed_on_my_account_page()
22:19:54 [main] INFO  TestContextSetup - clicking on address book link!!
22:19:55 [main] INFO  TestContextSetup - clicked on address book link!!
  âœ” And User clicks on address book right column option                 # stepDefinitions.MyAccountPageStepDefinitions.user_clicks_on_address_book_right_column_option()
22:19:55 [main] INFO  TestContextSetup - Initialized AddressBookStepDefinitions...
22:19:55 [main] INFO  TestContextSetup - Verifying that user is navigated to Address Book page...
22:19:55 [main] INFO  TestContextSetup - User successfully navigated to Address Book page. Breadcrumb verified.
  âœ” Then User should be navigated to the Address Book page successfully # stepDefinitions.AddressBookStepDefinitions.user_should_be_navigated_to_the_address_book_page_successfully()
22:19:55 [main] INFO  TestContextSetup - ------ Ending Scenario: Validate navigation to Address Book page ------
]]></system-out>
    <system-err><![CDATA[SLF4J(W): No SLF4J providers were found.
SLF4J(W): Defaulting to no-operation (NOP) logger implementation
SLF4J(W): See https://www.slf4j.org/codes.html#noProviders for further details.
Nov 12, 2025 10:19:47 PM org.openqa.selenium.devtools.CdpVersionFinder findNearestMatch
WARNING: Unable to find an exact match for CDP version 142, returning the closest version; found: 139; Please update to a Selenium version that supports CDP version 142
]]></system-err>
  </testcase>
</testsuite>