<?xml version="1.0" encoding="UTF-8"?>
<testng-results retried="2" ignored="0" total="3" passed="0" failed="1" skipped="0">
  <reporter-output>
  </reporter-output>
  <suite started-at="2025-12-29T02:05:51 IST" name="Default suite" finished-at="2025-12-29T02:06:10 IST" duration-ms="18936">
    <groups>
    </groups>
    <test started-at="2025-12-29T02:05:51 IST" name="Default test" finished-at="2025-12-29T02:06:10 IST" duration-ms="18936">
      <class name="runners.TestNGRTestRunner">
        <test-method is-config="true" signature="setUpClass(org.testng.ITestContext)[pri:0, instance:runners.TestNGRTestRunner@10aa41f2]" started-at="2025-12-29T02:05:51 IST" name="setUpClass" finished-at="2025-12-29T02:05:53 IST" duration-ms="1985" status="PASS">
          <params>
            <param index="0">
              <value>
                <![CDATA[org.testng.TestRunner@61be6051]]>
              </value>
            </param>
          </params>
          <reporter-output>
          </reporter-output>
        </test-method> <!-- setUpClass -->
        <test-method retried="true" signature="runScenario(io.cucumber.testng.PickleWrapper,io.cucumber.testng.FeatureWrapper)[pri:0, instance:runners.TestNGRTestRunner@10aa41f2]" started-at="2025-12-29T02:05:53 IST" name="runScenario" data-provider="scenarios" finished-at="2025-12-29T02:06:01 IST" duration-ms="7355" status="SKIP">
          <params>
            <param index="0">
              <value>
                <![CDATA["Validate navigating to Home Page from Shopping Cart page"]]>
              </value>
            </param>
            <param index="1">
              <value>
                <![CDATA["Validate HomePage functionality"]]>
              </value>
            </param>
          </params>
          <exception class="java.lang.AssertionError">
            <message>
              <![CDATA[Message Verification failed! expected [Success: Youuu have added iPhone to your shopping cart!] but found [Success: You have added iPhone to your shopping cart!
×] expected [true] but found [false]]]>
            </message>
            <full-stacktrace>
              <![CDATA[java.lang.AssertionError: Message Verification failed! expected [Success: Youuu have added iPhone to your shopping cart!] but found [Success: You have added iPhone to your shopping cart!
×] expected [true] but found [false]
at org.testng.Assert.fail(Assert.java:111)
at org.testng.Assert.failNotEquals(Assert.java:1590)
at org.testng.Assert.assertTrue(Assert.java:57)
at stepDefinitions.ProductDisplayPageStepDefinitions.success_message_with_text_should_be_displayed(ProductDisplayPageStepDefinitions.java:142)
at ✽.Success message with text - 'Success: Youuu have added iPhone to your shopping cart!' should be displayed(file:///D:/sumit/Cucumber-Selenium-TutorialNinja/src/test/resources/features/HomePageFunctionality.feature:10)
]]>
            </full-stacktrace>
          </exception> <!-- java.lang.AssertionError -->
          <reporter-output>
          </reporter-output>
        </test-method> <!-- runScenario -->
        <test-method retried="true" signature="runScenario(io.cucumber.testng.PickleWrapper,io.cucumber.testng.FeatureWrapper)[pri:0, instance:runners.TestNGRTestRunner@10aa41f2]" started-at="2025-12-29T02:06:01 IST" name="runScenario" data-provider="scenarios" finished-at="2025-12-29T02:06:04 IST" duration-ms="3560" status="SKIP">
          <params>
            <param index="0">
              <value>
                <![CDATA["Validate navigating to Home Page from Shopping Cart page"]]>
              </value>
            </param>
            <param index="1">
              <value>
                <![CDATA["Validate HomePage functionality"]]>
              </value>
            </param>
          </params>
          <exception class="java.lang.AssertionError">
            <message>
              <![CDATA[Message Verification failed! expected [Success: Youuu have added iPhone to your shopping cart!] but found [Success: You have added iPhone to your shopping cart!
×] expected [true] but found [false]]]>
            </message>
            <full-stacktrace>
              <![CDATA[java.lang.AssertionError: Message Verification failed! expected [Success: Youuu have added iPhone to your shopping cart!] but found [Success: You have added iPhone to your shopping cart!
×] expected [true] but found [false]
at org.testng.Assert.fail(Assert.java:111)
at org.testng.Assert.failNotEquals(Assert.java:1590)
at org.testng.Assert.assertTrue(Assert.java:57)
at stepDefinitions.ProductDisplayPageStepDefinitions.success_message_with_text_should_be_displayed(ProductDisplayPageStepDefinitions.java:142)
at ✽.Success message with text - 'Success: Youuu have added iPhone to your shopping cart!' should be displayed(file:///D:/sumit/Cucumber-Selenium-TutorialNinja/src/test/resources/features/HomePageFunctionality.feature:10)
]]>
            </full-stacktrace>
          </exception> <!-- java.lang.AssertionError -->
          <reporter-output>
          </reporter-output>
        </test-method> <!-- runScenario -->
        <test-method signature="runScenario(io.cucumber.testng.PickleWrapper,io.cucumber.testng.FeatureWrapper)[pri:0, instance:runners.TestNGRTestRunner@10aa41f2]" started-at="2025-12-29T02:06:04 IST" name="runScenario" data-provider="scenarios" finished-at="2025-12-29T02:06:08 IST" duration-ms="3244" status="FAIL">
          <params>
            <param index="0">
              <value>
                <![CDATA["Validate navigating to Home Page from Shopping Cart page"]]>
              </value>
            </param>
            <param index="1">
              <value>
                <![CDATA["Validate HomePage functionality"]]>
              </value>
            </param>
          </params>
          <exception class="java.lang.AssertionError">
            <message>
              <![CDATA[Message Verification failed! expected [Success: Youuu have added iPhone to your shopping cart!] but found [Success: You have added iPhone to your shopping cart!
×] expected [true] but found [false]]]>
            </message>
            <full-stacktrace>
              <![CDATA[java.lang.AssertionError: Message Verification failed! expected [Success: Youuu have added iPhone to your shopping cart!] but found [Success: You have added iPhone to your shopping cart!
×] expected [true] but found [false]
at org.testng.Assert.fail(Assert.java:111)
at org.testng.Assert.failNotEquals(Assert.java:1590)
at org.testng.Assert.assertTrue(Assert.java:57)
at stepDefinitions.ProductDisplayPageStepDefinitions.success_message_with_text_should_be_displayed(ProductDisplayPageStepDefinitions.java:142)
at ✽.Success message with text - 'Success: Youuu have added iPhone to your shopping cart!' should be displayed(file:///D:/sumit/Cucumber-Selenium-TutorialNinja/src/test/resources/features/HomePageFunctionality.feature:10)
]]>
            </full-stacktrace>
          </exception> <!-- java.lang.AssertionError -->
          <reporter-output>
          </reporter-output>
        </test-method> <!-- runScenario -->
        <test-method is-config="true" signature="tearDownClass()[pri:0, instance:runners.TestNGRTestRunner@10aa41f2]" started-at="2025-12-29T02:06:08 IST" name="tearDownClass" finished-at="2025-12-29T02:06:10 IST" duration-ms="2733" status="PASS">
          <reporter-output>
          </reporter-output>
        </test-method> <!-- tearDownClass -->
      </class> <!-- runners.TestNGRTestRunner -->
    </test> <!-- Default test -->
  </suite> <!-- Default suite -->
</testng-results>
