<?xml version="1.0" encoding="UTF-8"?>
<testng-results ignored="0" total="307" passed="293" failed="14" skipped="0">
  <reporter-output>
  </reporter-output>
  <suite started-at="2025-11-12T23:19:49 IST" name="Default suite" finished-at="2025-11-13T00:22:35 IST" duration-ms="3765639">
    <groups>
      <group name="cucumber">
        <method signature="AbstractTestNGCucumberTests.runScenario(io.cucumber.testng.PickleWrapper,io.cucumber.testng.FeatureWrapper)[pri:0, instance:runners.TestNGRTestRunner@561b6512]" name="runScenario" class="io.cucumber.testng.AbstractTestNGCucumberTests"/>
      </group> <!-- cucumber -->
    </groups>
    <test started-at="2025-11-12T23:19:49 IST" name="Default test" finished-at="2025-11-13T00:22:35 IST" duration-ms="3765639">
      <class name="runners.TestNGRTestRunner">
        <test-method is-config="true" signature="setUpClass(org.testng.ITestContext)[pri:0, instance:runners.TestNGRTestRunner@561b6512]" started-at="2025-11-12T23:19:49 IST" name="setUpClass" finished-at="2025-11-12T23:19:51 IST" duration-ms="1431" status="PASS">
          <params>
            <param index="0">
              <value>
                <![CDATA[org.testng.TestRunner@367eb2e]]>
              </value>
            </param>
          </params>
          <reporter-output>
          </reporter-output>
        </test-method> <!-- setUpClass -->
        <test-method signature="runScenario(io.cucumber.testng.PickleWrapper,io.cucumber.testng.FeatureWrapper)[pri:0, instance:runners.TestNGRTestRunner@561b6512]" started-at="2025-11-12T23:19:51 IST" name="runScenario" description="Runs Cucumber Scenarios" data-provider="scenarios" finished-at="2025-11-12T23:19:59 IST" duration-ms="8754" status="PASS">
          <params>
            <param index="0">
              <value>
                <![CDATA["Validate adding the product to Cart from Product Display Page"]]>
              </value>
            </param>
            <param index="1">
              <value>
                <![CDATA["Validate Add to Cart functionality"]]>
              </value>
            </param>
          </params>
          <reporter-output>
          </reporter-output>
        </test-method> <!-- runScenario -->
        <test-method signature="runScenario(io.cucumber.testng.PickleWrapper,io.cucumber.testng.FeatureWrapper)[pri:0, instance:runners.TestNGRTestRunner@561b6512]" started-at="2025-11-12T23:19:59 IST" name="runScenario" description="Runs Cucumber Scenarios" data-provider="scenarios" finished-at="2025-11-12T23:20:09 IST" duration-ms="9482" status="PASS">
          <params>
            <param index="0">
              <value>
                <![CDATA["Validate adding the product to Cart from Wish List Page"]]>
              </value>
            </param>
            <param index="1">
              <value>
                <![CDATA["Validate Add to Cart functionality"]]>
              </value>
            </param>
          </params>
          <reporter-output>
          </reporter-output>
        </test-method> <!-- runScenario -->
        <test-method signature="runScenario(io.cucumber.testng.PickleWrapper,io.cucumber.testng.FeatureWrapper)[pri:0, instance:runners.TestNGRTestRunner@561b6512]" started-at="2025-11-12T23:20:09 IST" name="runScenario" description="Runs Cucumber Scenarios" data-provider="scenarios" finished-at="2025-11-12T23:20:13 IST" duration-ms="4021" status="PASS">
          <params>
            <param index="0">
              <value>
                <![CDATA["Validate adding the product to Cart from Search Results Page"]]>
              </value>
            </param>
            <param index="1">
              <value>
                <![CDATA["Validate Add to Cart functionality"]]>
              </value>
            </param>
          </params>
          <reporter-output>
          </reporter-output>
        </test-method> <!-- runScenario -->
        <test-method signature="runScenario(io.cucumber.testng.PickleWrapper,io.cucumber.testng.FeatureWrapper)[pri:0, instance:runners.TestNGRTestRunner@561b6512]" started-at="2025-11-12T23:20:13 IST" name="runScenario" description="Runs Cucumber Scenarios" data-provider="scenarios" finished-at="2025-11-12T23:20:17 IST" duration-ms="4271" status="PASS">
          <params>
            <param index="0">
              <value>
                <![CDATA["Validate adding the product to Cart from the Related Products section of the Product Display Page"]]>
              </value>
            </param>
            <param index="1">
              <value>
                <![CDATA["Validate Add to Cart functionality"]]>
              </value>
            </param>
          </params>
          <reporter-output>
          </reporter-output>
        </test-method> <!-- runScenario -->
        <test-method signature="runScenario(io.cucumber.testng.PickleWrapper,io.cucumber.testng.FeatureWrapper)[pri:0, instance:runners.TestNGRTestRunner@561b6512]" started-at="2025-11-12T23:20:17 IST" name="runScenario" description="Runs Cucumber Scenarios" data-provider="scenarios" finished-at="2025-11-12T23:20:22 IST" duration-ms="4804" status="PASS">
          <params>
            <param index="0">
              <value>
                <![CDATA["Validate adding the product to Cart from the Products displayed in the category or sub-category page"]]>
              </value>
            </param>
            <param index="1">
              <value>
                <![CDATA["Validate Add to Cart functionality"]]>
              </value>
            </param>
          </params>
          <reporter-output>
          </reporter-output>
        </test-method> <!-- runScenario -->
        <test-method signature="runScenario(io.cucumber.testng.PickleWrapper,io.cucumber.testng.FeatureWrapper)[pri:0, instance:runners.TestNGRTestRunner@561b6512]" started-at="2025-11-12T23:20:22 IST" name="runScenario" description="Runs Cucumber Scenarios" data-provider="scenarios" finished-at="2025-11-12T23:20:25 IST" duration-ms="3359" status="PASS">
          <params>
            <param index="0">
              <value>
                <![CDATA["Validate adding the product to Cart from the Products displayed in the Featured section of Home page"]]>
              </value>
            </param>
            <param index="1">
              <value>
                <![CDATA["Validate Add to Cart functionality"]]>
              </value>
            </param>
          </params>
          <reporter-output>
          </reporter-output>
        </test-method> <!-- runScenario -->
        <test-method signature="runScenario(io.cucumber.testng.PickleWrapper,io.cucumber.testng.FeatureWrapper)[pri:0, instance:runners.TestNGRTestRunner@561b6512]" started-at="2025-11-12T23:20:25 IST" name="runScenario" description="Runs Cucumber Scenarios" data-provider="scenarios" finished-at="2025-11-12T23:20:29 IST" duration-ms="3576" status="PASS">
          <params>
            <param index="0">
              <value>
                <![CDATA["Validate adding the product to Cart from Product Comparison Page"]]>
              </value>
            </param>
            <param index="1">
              <value>
                <![CDATA["Validate Add to Cart functionality"]]>
              </value>
            </param>
          </params>
          <reporter-output>
          </reporter-output>
        </test-method> <!-- runScenario -->
        <test-method signature="runScenario(io.cucumber.testng.PickleWrapper,io.cucumber.testng.FeatureWrapper)[pri:0, instance:runners.TestNGRTestRunner@561b6512]" started-at="2025-11-12T23:20:29 IST" name="runScenario" description="Runs Cucumber Scenarios" data-provider="scenarios" finished-at="2025-11-12T23:20:31 IST" duration-ms="2493" status="PASS">
          <params>
            <param index="0">
              <value>
                <![CDATA["Validate adding the product to Cart from Product Comparison Page"]]>
              </value>
            </param>
            <param index="1">
              <value>
                <![CDATA["Validate Add to Cart functionality"]]>
              </value>
            </param>
          </params>
          <reporter-output>
          </reporter-output>
        </test-method> <!-- runScenario -->
        <test-method signature="runScenario(io.cucumber.testng.PickleWrapper,io.cucumber.testng.FeatureWrapper)[pri:0, instance:runners.TestNGRTestRunner@561b6512]" started-at="2025-11-12T23:20:31 IST" name="runScenario" description="Runs Cucumber Scenarios" data-provider="scenarios" finished-at="2025-11-12T23:20:38 IST" duration-ms="6133" status="PASS">
          <params>
            <param index="0">
              <value>
                <![CDATA["Validate navigation to Address Book page"]]>
              </value>
            </param>
            <param index="1">
              <value>
                <![CDATA["verify address book functionality"]]>
              </value>
            </param>
          </params>
          <reporter-output>
          </reporter-output>
        </test-method> <!-- runScenario -->
        <test-method signature="runScenario(io.cucumber.testng.PickleWrapper,io.cucumber.testng.FeatureWrapper)[pri:0, instance:runners.TestNGRTestRunner@561b6512]" started-at="2025-11-12T23:20:38 IST" name="runScenario" description="Runs Cucumber Scenarios" data-provider="scenarios" finished-at="2025-11-12T23:20:45 IST" duration-ms="7411" status="PASS">
          <params>
            <param index="0">
              <value>
                <![CDATA["Verify presence of page heading"]]>
              </value>
            </param>
            <param index="1">
              <value>
                <![CDATA["verify address book functionality"]]>
              </value>
            </param>
          </params>
          <reporter-output>
          </reporter-output>
        </test-method> <!-- runScenario -->
        <test-method signature="runScenario(io.cucumber.testng.PickleWrapper,io.cucumber.testng.FeatureWrapper)[pri:0, instance:runners.TestNGRTestRunner@561b6512]" started-at="2025-11-12T23:20:45 IST" name="runScenario" description="Runs Cucumber Scenarios" data-provider="scenarios" finished-at="2025-11-12T23:20:52 IST" duration-ms="6613" status="PASS">
          <params>
            <param index="0">
              <value>
                <![CDATA["Verify presence of Add New Address button"]]>
              </value>
            </param>
            <param index="1">
              <value>
                <![CDATA["verify address book functionality"]]>
              </value>
            </param>
          </params>
          <reporter-output>
          </reporter-output>
        </test-method> <!-- runScenario -->
        <test-method signature="runScenario(io.cucumber.testng.PickleWrapper,io.cucumber.testng.FeatureWrapper)[pri:0, instance:runners.TestNGRTestRunner@561b6512]" started-at="2025-11-12T23:20:52 IST" name="runScenario" description="Runs Cucumber Scenarios" data-provider="scenarios" finished-at="2025-11-12T23:21:12 IST" duration-ms="20775" status="PASS">
          <params>
            <param index="0">
              <value>
                <![CDATA["Validate adding a new address with valid details"]]>
              </value>
            </param>
            <param index="1">
              <value>
                <![CDATA["verify address book functionality"]]>
              </value>
            </param>
          </params>
          <reporter-output>
          </reporter-output>
        </test-method> <!-- runScenario -->
        <test-method signature="runScenario(io.cucumber.testng.PickleWrapper,io.cucumber.testng.FeatureWrapper)[pri:0, instance:runners.TestNGRTestRunner@561b6512]" started-at="2025-11-12T23:21:12 IST" name="runScenario" description="Runs Cucumber Scenarios" data-provider="scenarios" finished-at="2025-11-12T23:21:33 IST" duration-ms="20754" status="PASS">
          <params>
            <param index="0">
              <value>
                <![CDATA["Validate mandatory field validations"]]>
              </value>
            </param>
            <param index="1">
              <value>
                <![CDATA["verify address book functionality"]]>
              </value>
            </param>
          </params>
          <reporter-output>
          </reporter-output>
        </test-method> <!-- runScenario -->
        <test-method signature="runScenario(io.cucumber.testng.PickleWrapper,io.cucumber.testng.FeatureWrapper)[pri:0, instance:runners.TestNGRTestRunner@561b6512]" started-at="2025-11-12T23:21:33 IST" name="runScenario" description="Runs Cucumber Scenarios" data-provider="scenarios" finished-at="2025-11-12T23:21:54 IST" duration-ms="20738" status="FAIL">
          <params>
            <param index="0">
              <value>
                <![CDATA["Validate postcode field with invalid input"]]>
              </value>
            </param>
            <param index="1">
              <value>
                <![CDATA["verify address book functionality"]]>
              </value>
            </param>
          </params>
          <exception class="java.lang.AssertionError">
            <message>
              <![CDATA[Expected postcode validation message was not displayed. Application allowed invalid postcode! expected [true] but found [false]]]>
            </message>
            <full-stacktrace>
              <![CDATA[java.lang.AssertionError: Expected postcode validation message was not displayed. Application allowed invalid postcode! expected [true] but found [false]
at org.testng.Assert.fail(Assert.java:111)
at org.testng.Assert.failNotEquals(Assert.java:1590)
at org.testng.Assert.assertTrue(Assert.java:57)
at stepDefinitions.AddressBookStepDefinitions.user_should_see_correct_error_message_of_invalid_postcode_field(AddressBookStepDefinitions.java:88)
at ✽.User should see correct error message of invalid postcode field(file:///C:/Users/Sumit/eclipse-workspace/NewAccount02092025/cucumber-selenium-tutorialsninja/src/test/java/features/AddressBook.feature:56)
]]>
            </full-stacktrace>
          </exception> <!-- java.lang.AssertionError -->
          <reporter-output>
          </reporter-output>
        </test-method> <!-- runScenario -->
        <test-method signature="runScenario(io.cucumber.testng.PickleWrapper,io.cucumber.testng.FeatureWrapper)[pri:0, instance:runners.TestNGRTestRunner@561b6512]" started-at="2025-11-12T23:21:54 IST" name="runScenario" description="Runs Cucumber Scenarios" data-provider="scenarios" finished-at="2025-11-12T23:22:05 IST" duration-ms="11094" status="PASS">
          <params>
            <param index="0">
              <value>
                <![CDATA["Validate address length constraint"]]>
              </value>
            </param>
            <param index="1">
              <value>
                <![CDATA["verify address book functionality"]]>
              </value>
            </param>
          </params>
          <reporter-output>
          </reporter-output>
        </test-method> <!-- runScenario -->
        <test-method signature="runScenario(io.cucumber.testng.PickleWrapper,io.cucumber.testng.FeatureWrapper)[pri:0, instance:runners.TestNGRTestRunner@561b6512]" started-at="2025-11-12T23:22:05 IST" name="runScenario" description="Runs Cucumber Scenarios" data-provider="scenarios" finished-at="2025-11-12T23:22:19 IST" duration-ms="14030" status="PASS">
          <params>
            <param index="0">
              <value>
                <![CDATA["Validate editing an existing address"]]>
              </value>
            </param>
            <param index="1">
              <value>
                <![CDATA["verify address book functionality"]]>
              </value>
            </param>
          </params>
          <reporter-output>
          </reporter-output>
        </test-method> <!-- runScenario -->
        <test-method signature="runScenario(io.cucumber.testng.PickleWrapper,io.cucumber.testng.FeatureWrapper)[pri:0, instance:runners.TestNGRTestRunner@561b6512]" started-at="2025-11-12T23:22:19 IST" name="runScenario" description="Runs Cucumber Scenarios" data-provider="scenarios" finished-at="2025-11-12T23:22:32 IST" duration-ms="12994" status="PASS">
          <params>
            <param index="0">
              <value>
                <![CDATA["Validate cancel operation on edit address"]]>
              </value>
            </param>
            <param index="1">
              <value>
                <![CDATA["verify address book functionality"]]>
              </value>
            </param>
          </params>
          <reporter-output>
          </reporter-output>
        </test-method> <!-- runScenario -->
        <test-method signature="runScenario(io.cucumber.testng.PickleWrapper,io.cucumber.testng.FeatureWrapper)[pri:0, instance:runners.TestNGRTestRunner@561b6512]" started-at="2025-11-12T23:22:32 IST" name="runScenario" description="Runs Cucumber Scenarios" data-provider="scenarios" finished-at="2025-11-12T23:22:42 IST" duration-ms="10450" status="PASS">
          <params>
            <param index="0">
              <value>
                <![CDATA["Validate deleting an existing address"]]>
              </value>
            </param>
            <param index="1">
              <value>
                <![CDATA["verify address book functionality"]]>
              </value>
            </param>
          </params>
          <reporter-output>
          </reporter-output>
        </test-method> <!-- runScenario -->
        <test-method signature="runScenario(io.cucumber.testng.PickleWrapper,io.cucumber.testng.FeatureWrapper)[pri:0, instance:runners.TestNGRTestRunner@561b6512]" started-at="2025-11-12T23:22:42 IST" name="runScenario" description="Runs Cucumber Scenarios" data-provider="scenarios" finished-at="2025-11-12T23:22:56 IST" duration-ms="13073" status="PASS">
          <params>
            <param index="0">
              <value>
                <![CDATA["Validate system prevents deleting default address"]]>
              </value>
            </param>
            <param index="1">
              <value>
                <![CDATA["verify address book functionality"]]>
              </value>
            </param>
          </params>
          <reporter-output>
          </reporter-output>
        </test-method> <!-- runScenario -->
        <test-method signature="runScenario(io.cucumber.testng.PickleWrapper,io.cucumber.testng.FeatureWrapper)[pri:0, instance:runners.TestNGRTestRunner@561b6512]" started-at="2025-11-12T23:22:56 IST" name="runScenario" description="Runs Cucumber Scenarios" data-provider="scenarios" finished-at="2025-11-12T23:23:18 IST" duration-ms="22042" status="PASS">
          <params>
            <param index="0">
              <value>
                <![CDATA["Validate setting a new default address"]]>
              </value>
            </param>
            <param index="1">
              <value>
                <![CDATA["verify address book functionality"]]>
              </value>
            </param>
          </params>
          <reporter-output>
          </reporter-output>
        </test-method> <!-- runScenario -->
        <test-method signature="runScenario(io.cucumber.testng.PickleWrapper,io.cucumber.testng.FeatureWrapper)[pri:0, instance:runners.TestNGRTestRunner@561b6512]" started-at="2025-11-12T23:23:18 IST" name="runScenario" description="Runs Cucumber Scenarios" data-provider="scenarios" finished-at="2025-11-12T23:24:01 IST" duration-ms="43195" status="PASS">
          <params>
            <param index="0">
              <value>
                <![CDATA["Verify only one default address is active"]]>
              </value>
            </param>
            <param index="1">
              <value>
                <![CDATA["verify address book functionality"]]>
              </value>
            </param>
          </params>
          <reporter-output>
          </reporter-output>
        </test-method> <!-- runScenario -->
        <test-method signature="runScenario(io.cucumber.testng.PickleWrapper,io.cucumber.testng.FeatureWrapper)[pri:0, instance:runners.TestNGRTestRunner@561b6512]" started-at="2025-11-12T23:24:01 IST" name="runScenario" description="Runs Cucumber Scenarios" data-provider="scenarios" finished-at="2025-11-12T23:24:42 IST" duration-ms="41714" status="PASS">
          <params>
            <param index="0">
              <value>
                <![CDATA["Validate error message format and color"]]>
              </value>
            </param>
            <param index="1">
              <value>
                <![CDATA["verify address book functionality"]]>
              </value>
            </param>
          </params>
          <reporter-output>
          </reporter-output>
        </test-method> <!-- runScenario -->
        <test-method signature="runScenario(io.cucumber.testng.PickleWrapper,io.cucumber.testng.FeatureWrapper)[pri:0, instance:runners.TestNGRTestRunner@561b6512]" started-at="2025-11-12T23:24:42 IST" name="runScenario" description="Runs Cucumber Scenarios" data-provider="scenarios" finished-at="2025-11-12T23:24:58 IST" duration-ms="15786" status="PASS">
          <params>
            <param index="0">
              <value>
                <![CDATA["Validate error message format and color"]]>
              </value>
            </param>
            <param index="1">
              <value>
                <![CDATA["verify address book functionality"]]>
              </value>
            </param>
          </params>
          <reporter-output>
          </reporter-output>
        </test-method> <!-- runScenario -->
        <test-method signature="runScenario(io.cucumber.testng.PickleWrapper,io.cucumber.testng.FeatureWrapper)[pri:0, instance:runners.TestNGRTestRunner@561b6512]" started-at="2025-11-12T23:24:58 IST" name="runScenario" description="Runs Cucumber Scenarios" data-provider="scenarios" finished-at="2025-11-12T23:25:07 IST" duration-ms="8736" status="PASS">
          <params>
            <param index="0">
              <value>
                <![CDATA["Validate breadcrumb navigation"]]>
              </value>
            </param>
            <param index="1">
              <value>
                <![CDATA["verify address book functionality"]]>
              </value>
            </param>
          </params>
          <reporter-output>
          </reporter-output>
        </test-method> <!-- runScenario -->
        <test-method signature="runScenario(io.cucumber.testng.PickleWrapper,io.cucumber.testng.FeatureWrapper)[pri:0, instance:runners.TestNGRTestRunner@561b6512]" started-at="2025-11-12T23:25:07 IST" name="runScenario" description="Runs Cucumber Scenarios" data-provider="scenarios" finished-at="2025-11-12T23:25:13 IST" duration-ms="5643" status="PASS">
          <params>
            <param index="0">
              <value>
                <![CDATA["Verify that user can navigate to Affiliate Account page from My Account"]]>
              </value>
            </param>
            <param index="1">
              <value>
                <![CDATA["validate affiliate account functionality"]]>
              </value>
            </param>
          </params>
          <reporter-output>
          </reporter-output>
        </test-method> <!-- runScenario -->
        <test-method signature="runScenario(io.cucumber.testng.PickleWrapper,io.cucumber.testng.FeatureWrapper)[pri:0, instance:runners.TestNGRTestRunner@561b6512]" started-at="2025-11-12T23:25:13 IST" name="runScenario" description="Runs Cucumber Scenarios" data-provider="scenarios" finished-at="2025-11-12T23:25:19 IST" duration-ms="6232" status="PASS">
          <params>
            <param index="0">
              <value>
                <![CDATA["Verify that submitting empty form displays appropriate validation messages"]]>
              </value>
            </param>
            <param index="1">
              <value>
                <![CDATA["validate affiliate account functionality"]]>
              </value>
            </param>
          </params>
          <reporter-output>
          </reporter-output>
        </test-method> <!-- runScenario -->
        <test-method signature="runScenario(io.cucumber.testng.PickleWrapper,io.cucumber.testng.FeatureWrapper)[pri:0, instance:runners.TestNGRTestRunner@561b6512]" started-at="2025-11-12T23:25:19 IST" name="runScenario" description="Runs Cucumber Scenarios" data-provider="scenarios" finished-at="2025-11-12T23:25:27 IST" duration-ms="8236" status="PASS">
          <params>
            <param index="0">
              <value>
                <![CDATA["Verify successful Affiliate registration with valid details"]]>
              </value>
            </param>
            <param index="1">
              <value>
                <![CDATA["validate affiliate account functionality"]]>
              </value>
            </param>
          </params>
          <reporter-output>
          </reporter-output>
        </test-method> <!-- runScenario -->
        <test-method signature="runScenario(io.cucumber.testng.PickleWrapper,io.cucumber.testng.FeatureWrapper)[pri:0, instance:runners.TestNGRTestRunner@561b6512]" started-at="2025-11-12T23:25:27 IST" name="runScenario" description="Runs Cucumber Scenarios" data-provider="scenarios" finished-at="2025-11-12T23:25:35 IST" duration-ms="7488" status="PASS">
          <params>
            <param index="0">
              <value>
                <![CDATA["Verify that user cannot register Affiliate account without accepting Terms & Conditions"]]>
              </value>
            </param>
            <param index="1">
              <value>
                <![CDATA["validate affiliate account functionality"]]>
              </value>
            </param>
          </params>
          <reporter-output>
          </reporter-output>
        </test-method> <!-- runScenario -->
        <test-method signature="runScenario(io.cucumber.testng.PickleWrapper,io.cucumber.testng.FeatureWrapper)[pri:0, instance:runners.TestNGRTestRunner@561b6512]" started-at="2025-11-12T23:25:35 IST" name="runScenario" description="Runs Cucumber Scenarios" data-provider="scenarios" finished-at="2025-11-12T23:25:44 IST" duration-ms="8943" status="FAIL">
          <params>
            <param index="0">
              <value>
                <![CDATA["Verify Tax ID field does not accept special characters"]]>
              </value>
            </param>
            <param index="1">
              <value>
                <![CDATA["validate affiliate account functionality"]]>
              </value>
            </param>
          </params>
          <exception class="java.lang.AssertionError">
            <message>
              <![CDATA[Tax field is accepting special characters! expected [false] but found [true]]]>
            </message>
            <full-stacktrace>
              <![CDATA[java.lang.AssertionError: Tax field is accepting special characters! expected [false] but found [true]
at org.testng.Assert.fail(Assert.java:111)
at org.testng.Assert.failNotEquals(Assert.java:1590)
at org.testng.Assert.assertFalse(Assert.java:79)
at pageObjects.AffiliateAccountPage.verifyTaxIdFieldDoesNotAcceptSpecialChars(AffiliateAccountPage.java:359)
at stepDefinitions.AffiliateAccountStepDefinitions.user_enters_special_characters_in_tax_field_and_fill_all_other_details(AffiliateAccountStepDefinitions.java:96)
at ✽.User enters special characters in Tax field and fill all other details(file:///C:/Users/Sumit/eclipse-workspace/NewAccount02092025/cucumber-selenium-tutorialsninja/src/test/java/features/AffiliateFunctionality.feature:48)
]]>
            </full-stacktrace>
          </exception> <!-- java.lang.AssertionError -->
          <reporter-output>
          </reporter-output>
        </test-method> <!-- runScenario -->
        <test-method signature="runScenario(io.cucumber.testng.PickleWrapper,io.cucumber.testng.FeatureWrapper)[pri:0, instance:runners.TestNGRTestRunner@561b6512]" started-at="2025-11-12T23:25:44 IST" name="runScenario" description="Runs Cucumber Scenarios" data-provider="scenarios" finished-at="2025-11-12T23:25:52 IST" duration-ms="7966" status="PASS">
          <params>
            <param index="0">
              <value>
                <![CDATA["Verify that Company Name accepts up to 50 characters"]]>
              </value>
            </param>
            <param index="1">
              <value>
                <![CDATA["validate affiliate account functionality"]]>
              </value>
            </param>
          </params>
          <reporter-output>
          </reporter-output>
        </test-method> <!-- runScenario -->
        <test-method signature="runScenario(io.cucumber.testng.PickleWrapper,io.cucumber.testng.FeatureWrapper)[pri:0, instance:runners.TestNGRTestRunner@561b6512]" started-at="2025-11-12T23:25:52 IST" name="runScenario" description="Runs Cucumber Scenarios" data-provider="scenarios" finished-at="2025-11-12T23:25:59 IST" duration-ms="7811" status="FAIL">
          <params>
            <param index="0">
              <value>
                <![CDATA["Verify system behavior when Company Name exceeds 50 characters"]]>
              </value>
            </param>
            <param index="1">
              <value>
                <![CDATA["validate affiliate account functionality"]]>
              </value>
            </param>
          </params>
          <exception class="java.lang.AssertionError">
            <message>
              <![CDATA[Company name field accepted more than 50 characters unexpectedly! expected [true] but found [false]]]>
            </message>
            <full-stacktrace>
              <![CDATA[java.lang.AssertionError: Company name field accepted more than 50 characters unexpectedly! expected [true] but found [false]
at org.testng.Assert.fail(Assert.java:111)
at org.testng.Assert.failNotEquals(Assert.java:1590)
at org.testng.Assert.assertTrue(Assert.java:57)
at stepDefinitions.AffiliateAccountStepDefinitions.user_enters_company_name_of_more_than_characters_and_form_should_be_submitted_successfully(AffiliateAccountStepDefinitions.java:80)
at ✽.User enters company name of more than 50 characters and form should be submitted successfully(file:///C:/Users/Sumit/eclipse-workspace/NewAccount02092025/cucumber-selenium-tutorialsninja/src/test/java/features/AffiliateFunctionality.feature:66)
]]>
            </full-stacktrace>
          </exception> <!-- java.lang.AssertionError -->
          <reporter-output>
          </reporter-output>
        </test-method> <!-- runScenario -->
        <test-method signature="runScenario(io.cucumber.testng.PickleWrapper,io.cucumber.testng.FeatureWrapper)[pri:0, instance:runners.TestNGRTestRunner@561b6512]" started-at="2025-11-12T23:25:59 IST" name="runScenario" description="Runs Cucumber Scenarios" data-provider="scenarios" finished-at="2025-11-12T23:26:10 IST" duration-ms="11046" status="PASS">
          <params>
            <param index="0">
              <value>
                <![CDATA["Verify user can update Affiliate details after registration"]]>
              </value>
            </param>
            <param index="1">
              <value>
                <![CDATA["validate affiliate account functionality"]]>
              </value>
            </param>
          </params>
          <reporter-output>
          </reporter-output>
        </test-method> <!-- runScenario -->
        <test-method signature="runScenario(io.cucumber.testng.PickleWrapper,io.cucumber.testng.FeatureWrapper)[pri:0, instance:runners.TestNGRTestRunner@561b6512]" started-at="2025-11-12T23:26:10 IST" name="runScenario" description="Runs Cucumber Scenarios" data-provider="scenarios" finished-at="2025-11-12T23:26:22 IST" duration-ms="11827" status="PASS">
          <params>
            <param index="0">
              <value>
                <![CDATA["Verify that user can change payment method between Bank Transfer, PayPal, and Cheque"]]>
              </value>
            </param>
            <param index="1">
              <value>
                <![CDATA["validate affiliate account functionality"]]>
              </value>
            </param>
          </params>
          <reporter-output>
          </reporter-output>
        </test-method> <!-- runScenario -->
        <test-method signature="runScenario(io.cucumber.testng.PickleWrapper,io.cucumber.testng.FeatureWrapper)[pri:0, instance:runners.TestNGRTestRunner@561b6512]" started-at="2025-11-12T23:26:22 IST" name="runScenario" description="Runs Cucumber Scenarios" data-provider="scenarios" finished-at="2025-11-12T23:26:31 IST" duration-ms="8906" status="PASS">
          <params>
            <param index="0">
              <value>
                <![CDATA["Verify that Bank Transfer option requires all mandatory bank details"]]>
              </value>
            </param>
            <param index="1">
              <value>
                <![CDATA["validate affiliate account functionality"]]>
              </value>
            </param>
          </params>
          <reporter-output>
          </reporter-output>
        </test-method> <!-- runScenario -->
        <test-method signature="runScenario(io.cucumber.testng.PickleWrapper,io.cucumber.testng.FeatureWrapper)[pri:0, instance:runners.TestNGRTestRunner@561b6512]" started-at="2025-11-12T23:26:31 IST" name="runScenario" description="Runs Cucumber Scenarios" data-provider="scenarios" finished-at="2025-11-12T23:26:40 IST" duration-ms="8587" status="PASS">
          <params>
            <param index="0">
              <value>
                <![CDATA["Verify that valid PayPal Email is accepted"]]>
              </value>
            </param>
            <param index="1">
              <value>
                <![CDATA["validate affiliate account functionality"]]>
              </value>
            </param>
          </params>
          <reporter-output>
          </reporter-output>
        </test-method> <!-- runScenario -->
        <test-method signature="runScenario(io.cucumber.testng.PickleWrapper,io.cucumber.testng.FeatureWrapper)[pri:0, instance:runners.TestNGRTestRunner@561b6512]" started-at="2025-11-12T23:26:40 IST" name="runScenario" description="Runs Cucumber Scenarios" data-provider="scenarios" finished-at="2025-11-12T23:26:48 IST" duration-ms="8546" status="PASS">
          <params>
            <param index="0">
              <value>
                <![CDATA["Verify that invalid PayPal Email shows error message"]]>
              </value>
            </param>
            <param index="1">
              <value>
                <![CDATA["validate affiliate account functionality"]]>
              </value>
            </param>
          </params>
          <reporter-output>
          </reporter-output>
        </test-method> <!-- runScenario -->
        <test-method signature="runScenario(io.cucumber.testng.PickleWrapper,io.cucumber.testng.FeatureWrapper)[pri:0, instance:runners.TestNGRTestRunner@561b6512]" started-at="2025-11-12T23:26:48 IST" name="runScenario" description="Runs Cucumber Scenarios" data-provider="scenarios" finished-at="2025-11-12T23:27:00 IST" duration-ms="11611" status="PASS">
          <params>
            <param index="0">
              <value>
                <![CDATA["Verify that Affiliate Tracking link generates a valid tracking code"]]>
              </value>
            </param>
            <param index="1">
              <value>
                <![CDATA["validate affiliate account functionality"]]>
              </value>
            </param>
          </params>
          <reporter-output>
          </reporter-output>
        </test-method> <!-- runScenario -->
        <test-method signature="runScenario(io.cucumber.testng.PickleWrapper,io.cucumber.testng.FeatureWrapper)[pri:0, instance:runners.TestNGRTestRunner@561b6512]" started-at="2025-11-12T23:27:00 IST" name="runScenario" description="Runs Cucumber Scenarios" data-provider="scenarios" finished-at="2025-11-12T23:27:08 IST" duration-ms="8658" status="PASS">
          <params>
            <param index="0">
              <value>
                <![CDATA["Verify that clicking continue on confirmation redirects user to My Account page"]]>
              </value>
            </param>
            <param index="1">
              <value>
                <![CDATA["validate affiliate account functionality"]]>
              </value>
            </param>
          </params>
          <reporter-output>
          </reporter-output>
        </test-method> <!-- runScenario -->
        <test-method signature="runScenario(io.cucumber.testng.PickleWrapper,io.cucumber.testng.FeatureWrapper)[pri:0, instance:runners.TestNGRTestRunner@561b6512]" started-at="2025-11-12T23:27:08 IST" name="runScenario" description="Runs Cucumber Scenarios" data-provider="scenarios" finished-at="2025-11-12T23:27:13 IST" duration-ms="4524" status="PASS">
          <params>
            <param index="0">
              <value>
                <![CDATA["Validate navigating to Change Password page from My Account page"]]>
              </value>
            </param>
            <param index="1">
              <value>
                <![CDATA["verify change password functionality"]]>
              </value>
            </param>
          </params>
          <reporter-output>
          </reporter-output>
        </test-method> <!-- runScenario -->
        <test-method signature="runScenario(io.cucumber.testng.PickleWrapper,io.cucumber.testng.FeatureWrapper)[pri:0, instance:runners.TestNGRTestRunner@561b6512]" started-at="2025-11-12T23:27:13 IST" name="runScenario" description="Runs Cucumber Scenarios" data-provider="scenarios" finished-at="2025-11-12T23:27:18 IST" duration-ms="5252" status="PASS">
          <params>
            <param index="0">
              <value>
                <![CDATA["Validate navigating to Change Password page using Password Right column option"]]>
              </value>
            </param>
            <param index="1">
              <value>
                <![CDATA["verify change password functionality"]]>
              </value>
            </param>
          </params>
          <reporter-output>
          </reporter-output>
        </test-method> <!-- runScenario -->
        <test-method signature="runScenario(io.cucumber.testng.PickleWrapper,io.cucumber.testng.FeatureWrapper)[pri:0, instance:runners.TestNGRTestRunner@561b6512]" started-at="2025-11-12T23:27:18 IST" name="runScenario" description="Runs Cucumber Scenarios" data-provider="scenarios" finished-at="2025-11-12T23:27:24 IST" duration-ms="6227" status="PASS">
          <params>
            <param index="0">
              <value>
                <![CDATA["Validate navigating to change password page from site map page"]]>
              </value>
            </param>
            <param index="1">
              <value>
                <![CDATA["verify change password functionality"]]>
              </value>
            </param>
          </params>
          <reporter-output>
          </reporter-output>
        </test-method> <!-- runScenario -->
        <test-method signature="runScenario(io.cucumber.testng.PickleWrapper,io.cucumber.testng.FeatureWrapper)[pri:0, instance:runners.TestNGRTestRunner@561b6512]" started-at="2025-11-12T23:27:24 IST" name="runScenario" description="Runs Cucumber Scenarios" data-provider="scenarios" finished-at="2025-11-12T23:27:37 IST" duration-ms="12950" status="PASS">
          <params>
            <param index="0">
              <value>
                <![CDATA["Validate changing the password"]]>
              </value>
            </param>
            <param index="1">
              <value>
                <![CDATA["verify change password functionality"]]>
              </value>
            </param>
          </params>
          <reporter-output>
          </reporter-output>
        </test-method> <!-- runScenario -->
        <test-method signature="runScenario(io.cucumber.testng.PickleWrapper,io.cucumber.testng.FeatureWrapper)[pri:0, instance:runners.TestNGRTestRunner@561b6512]" started-at="2025-11-12T23:27:37 IST" name="runScenario" description="Runs Cucumber Scenarios" data-provider="scenarios" finished-at="2025-11-12T23:27:44 IST" duration-ms="6559" status="PASS">
          <params>
            <param index="0">
              <value>
                <![CDATA["Validate changing the password without entering anything into the fields in Change Password page"]]>
              </value>
            </param>
            <param index="1">
              <value>
                <![CDATA["verify change password functionality"]]>
              </value>
            </param>
          </params>
          <reporter-output>
          </reporter-output>
        </test-method> <!-- runScenario -->
        <test-method signature="runScenario(io.cucumber.testng.PickleWrapper,io.cucumber.testng.FeatureWrapper)[pri:0, instance:runners.TestNGRTestRunner@561b6512]" started-at="2025-11-12T23:27:44 IST" name="runScenario" description="Runs Cucumber Scenarios" data-provider="scenarios" finished-at="2025-11-12T23:27:52 IST" duration-ms="8463" status="PASS">
          <params>
            <param index="0">
              <value>
                <![CDATA["Validate entering different password into the Password and Password Confirm fields while Changing the Password"]]>
              </value>
            </param>
            <param index="1">
              <value>
                <![CDATA["verify change password functionality"]]>
              </value>
            </param>
          </params>
          <reporter-output>
          </reporter-output>
        </test-method> <!-- runScenario -->
        <test-method signature="runScenario(io.cucumber.testng.PickleWrapper,io.cucumber.testng.FeatureWrapper)[pri:0, instance:runners.TestNGRTestRunner@561b6512]" started-at="2025-11-12T23:27:52 IST" name="runScenario" description="Runs Cucumber Scenarios" data-provider="scenarios" finished-at="2025-11-12T23:27:59 IST" duration-ms="6712" status="PASS">
          <params>
            <param index="0">
              <value>
                <![CDATA["Validate all the Password fields in the change password page are marked as mandatory"]]>
              </value>
            </param>
            <param index="1">
              <value>
                <![CDATA["verify change password functionality"]]>
              </value>
            </param>
          </params>
          <reporter-output>
          </reporter-output>
        </test-method> <!-- runScenario -->
        <test-method signature="runScenario(io.cucumber.testng.PickleWrapper,io.cucumber.testng.FeatureWrapper)[pri:0, instance:runners.TestNGRTestRunner@561b6512]" started-at="2025-11-12T23:27:59 IST" name="runScenario" description="Runs Cucumber Scenarios" data-provider="scenarios" finished-at="2025-11-12T23:28:06 IST" duration-ms="6703" status="PASS">
          <params>
            <param index="0">
              <value>
                <![CDATA["Validate the text entered into the fields in Change Password field is toggled to hide its display"]]>
              </value>
            </param>
            <param index="1">
              <value>
                <![CDATA["verify change password functionality"]]>
              </value>
            </param>
          </params>
          <reporter-output>
          </reporter-output>
        </test-method> <!-- runScenario -->
        <test-method signature="runScenario(io.cucumber.testng.PickleWrapper,io.cucumber.testng.FeatureWrapper)[pri:0, instance:runners.TestNGRTestRunner@561b6512]" started-at="2025-11-12T23:28:06 IST" name="runScenario" description="Runs Cucumber Scenarios" data-provider="scenarios" finished-at="2025-11-12T23:28:15 IST" duration-ms="9195" status="PASS">
          <params>
            <param index="0">
              <value>
                <![CDATA["Validate Breadcrumb in the change password page"]]>
              </value>
            </param>
            <param index="1">
              <value>
                <![CDATA["verify change password functionality"]]>
              </value>
            </param>
          </params>
          <reporter-output>
          </reporter-output>
        </test-method> <!-- runScenario -->
        <test-method signature="runScenario(io.cucumber.testng.PickleWrapper,io.cucumber.testng.FeatureWrapper)[pri:0, instance:runners.TestNGRTestRunner@561b6512]" started-at="2025-11-12T23:28:15 IST" name="runScenario" description="Runs Cucumber Scenarios" data-provider="scenarios" finished-at="2025-11-12T23:28:22 IST" duration-ms="6815" status="PASS">
          <params>
            <param index="0">
              <value>
                <![CDATA["Validate Page Heading, Page Title and Page URL in the Change Password page"]]>
              </value>
            </param>
            <param index="1">
              <value>
                <![CDATA["verify change password functionality"]]>
              </value>
            </param>
          </params>
          <reporter-output>
          </reporter-output>
        </test-method> <!-- runScenario -->
        <test-method signature="runScenario(io.cucumber.testng.PickleWrapper,io.cucumber.testng.FeatureWrapper)[pri:0, instance:runners.TestNGRTestRunner@561b6512]" started-at="2025-11-12T23:28:22 IST" name="runScenario" description="Runs Cucumber Scenarios" data-provider="scenarios" finished-at="2025-11-12T23:28:29 IST" duration-ms="6813" status="PASS">
          <params>
            <param index="0">
              <value>
                <![CDATA["Validate the Change Password page functionality in all the supported environments"]]>
              </value>
            </param>
            <param index="1">
              <value>
                <![CDATA["verify change password functionality"]]>
              </value>
            </param>
          </params>
          <reporter-output>
          </reporter-output>
        </test-method> <!-- runScenario -->
        <test-method signature="runScenario(io.cucumber.testng.PickleWrapper,io.cucumber.testng.FeatureWrapper)[pri:0, instance:runners.TestNGRTestRunner@561b6512]" started-at="2025-11-12T23:28:29 IST" name="runScenario" description="Runs Cucumber Scenarios" data-provider="scenarios" finished-at="2025-11-12T23:28:33 IST" duration-ms="3831" status="PASS">
          <params>
            <param index="0">
              <value>
                <![CDATA["Validate navigating to Contact Us page from Footer options"]]>
              </value>
            </param>
            <param index="1">
              <value>
                <![CDATA["validate contactUs functionality"]]>
              </value>
            </param>
          </params>
          <reporter-output>
          </reporter-output>
        </test-method> <!-- runScenario -->
        <test-method signature="runScenario(io.cucumber.testng.PickleWrapper,io.cucumber.testng.FeatureWrapper)[pri:0, instance:runners.TestNGRTestRunner@561b6512]" started-at="2025-11-12T23:28:33 IST" name="runScenario" description="Runs Cucumber Scenarios" data-provider="scenarios" finished-at="2025-11-12T23:28:37 IST" duration-ms="4075" status="PASS">
          <params>
            <param index="0">
              <value>
                <![CDATA["Validate whether the required details and fields are displayed in the Contact Us page"]]>
              </value>
            </param>
            <param index="1">
              <value>
                <![CDATA["validate contactUs functionality"]]>
              </value>
            </param>
          </params>
          <reporter-output>
          </reporter-output>
        </test-method> <!-- runScenario -->
        <test-method signature="runScenario(io.cucumber.testng.PickleWrapper,io.cucumber.testng.FeatureWrapper)[pri:0, instance:runners.TestNGRTestRunner@561b6512]" started-at="2025-11-12T23:28:37 IST" name="runScenario" description="Runs Cucumber Scenarios" data-provider="scenarios" finished-at="2025-11-12T23:28:41 IST" duration-ms="4048" status="PASS">
          <params>
            <param index="0">
              <value>
                <![CDATA["Validate all the text fields in the Contact Us page are mandatory"]]>
              </value>
            </param>
            <param index="1">
              <value>
                <![CDATA["validate contactUs functionality"]]>
              </value>
            </param>
          </params>
          <reporter-output>
          </reporter-output>
        </test-method> <!-- runScenario -->
        <test-method signature="runScenario(io.cucumber.testng.PickleWrapper,io.cucumber.testng.FeatureWrapper)[pri:0, instance:runners.TestNGRTestRunner@561b6512]" started-at="2025-11-12T23:28:41 IST" name="runScenario" description="Runs Cucumber Scenarios" data-provider="scenarios" finished-at="2025-11-12T23:29:06 IST" duration-ms="25142" status="FAIL">
          <params>
            <param index="0">
              <value>
                <![CDATA["Validate submitting the Contact Form in Contact Us page by providing all the details"]]>
              </value>
            </param>
            <param index="1">
              <value>
                <![CDATA["validate contactUs functionality"]]>
              </value>
            </param>
          </params>
          <exception class="java.lang.AssertionError">
            <message>
              <![CDATA[User is not see success message for contact us form filled! expected [true] but found [false]]]>
            </message>
            <full-stacktrace>
              <![CDATA[java.lang.AssertionError: User is not see success message for contact us form filled! expected [true] but found [false]
at org.testng.Assert.fail(Assert.java:111)
at org.testng.Assert.failNotEquals(Assert.java:1590)
at org.testng.Assert.assertTrue(Assert.java:57)
at stepDefinitions.ContactUsPageStepDefinitions.user_should_see_success_message_with_text_should_be_displayed(ContactUsPageStepDefinitions.java:90)
at ✽.User should see success message with text 'Your Enquiry has been Submitted!' should be displayed(file:///C:/Users/Sumit/eclipse-workspace/NewAccount02092025/cucumber-selenium-tutorialsninja/src/test/java/features/ContactUsFunctionality.feature:33)
]]>
            </full-stacktrace>
          </exception> <!-- java.lang.AssertionError -->
          <reporter-output>
          </reporter-output>
        </test-method> <!-- runScenario -->
        <test-method signature="runScenario(io.cucumber.testng.PickleWrapper,io.cucumber.testng.FeatureWrapper)[pri:0, instance:runners.TestNGRTestRunner@561b6512]" started-at="2025-11-12T23:29:06 IST" name="runScenario" description="Runs Cucumber Scenarios" data-provider="scenarios" finished-at="2025-11-12T23:29:10 IST" duration-ms="3698" status="PASS">
          <params>
            <param index="0">
              <value>
                <![CDATA["Validate submitting the Contact Form in Contact Us page by not providing any details"]]>
              </value>
            </param>
            <param index="1">
              <value>
                <![CDATA["validate contactUs functionality"]]>
              </value>
            </param>
          </params>
          <reporter-output>
          </reporter-output>
        </test-method> <!-- runScenario -->
        <test-method signature="runScenario(io.cucumber.testng.PickleWrapper,io.cucumber.testng.FeatureWrapper)[pri:0, instance:runners.TestNGRTestRunner@561b6512]" started-at="2025-11-12T23:29:10 IST" name="runScenario" description="Runs Cucumber Scenarios" data-provider="scenarios" finished-at="2025-11-12T23:29:18 IST" duration-ms="7997" status="PASS">
          <params>
            <param index="0">
              <value>
                <![CDATA["Validate entering invalid email address into the E-Mail Address field and submit the form"]]>
              </value>
            </param>
            <param index="1">
              <value>
                <![CDATA["validate contactUs functionality"]]>
              </value>
            </param>
          </params>
          <reporter-output>
          </reporter-output>
        </test-method> <!-- runScenario -->
        <test-method signature="runScenario(io.cucumber.testng.PickleWrapper,io.cucumber.testng.FeatureWrapper)[pri:0, instance:runners.TestNGRTestRunner@561b6512]" started-at="2025-11-12T23:29:18 IST" name="runScenario" description="Runs Cucumber Scenarios" data-provider="scenarios" finished-at="2025-11-12T23:29:44 IST" duration-ms="26636" status="FAIL">
          <params>
            <param index="0">
              <value>
                <![CDATA["Validate submitting the Contact Form in Contact Us page by providing all the details after login"]]>
              </value>
            </param>
            <param index="1">
              <value>
                <![CDATA["validate contactUs functionality"]]>
              </value>
            </param>
          </params>
          <exception class="java.lang.AssertionError">
            <message>
              <![CDATA[success message is not displayed for contact us form! expected [true] but found [false]]]>
            </message>
            <full-stacktrace>
              <![CDATA[java.lang.AssertionError: success message is not displayed for contact us form! expected [true] but found [false]
at org.testng.Assert.fail(Assert.java:111)
at org.testng.Assert.failNotEquals(Assert.java:1590)
at org.testng.Assert.assertTrue(Assert.java:57)
at stepDefinitions.ContactUsPageStepDefinitions.user_must_see_success_message_with_text_your_enquiry_has_been_submitted_should_be_displayed(ContactUsPageStepDefinitions.java:50)
at ✽.User must see success Message with text Your Enquiry has been Submitted should be displayed(file:///C:/Users/Sumit/eclipse-workspace/NewAccount02092025/cucumber-selenium-tutorialsninja/src/test/java/features/ContactUsFunctionality.feature:64)
]]>
            </full-stacktrace>
          </exception> <!-- java.lang.AssertionError -->
          <reporter-output>
          </reporter-output>
        </test-method> <!-- runScenario -->
        <test-method signature="runScenario(io.cucumber.testng.PickleWrapper,io.cucumber.testng.FeatureWrapper)[pri:0, instance:runners.TestNGRTestRunner@561b6512]" started-at="2025-11-12T23:29:44 IST" name="runScenario" description="Runs Cucumber Scenarios" data-provider="scenarios" finished-at="2025-11-12T23:29:52 IST" duration-ms="7568" status="PASS">
          <params>
            <param index="0">
              <value>
                <![CDATA["Validate the Breadcrumb of Contact Us page"]]>
              </value>
            </param>
            <param index="1">
              <value>
                <![CDATA["validate contactUs functionality"]]>
              </value>
            </param>
          </params>
          <reporter-output>
          </reporter-output>
        </test-method> <!-- runScenario -->
        <test-method signature="runScenario(io.cucumber.testng.PickleWrapper,io.cucumber.testng.FeatureWrapper)[pri:0, instance:runners.TestNGRTestRunner@561b6512]" started-at="2025-11-12T23:29:52 IST" name="runScenario" description="Runs Cucumber Scenarios" data-provider="scenarios" finished-at="2025-11-12T23:29:58 IST" duration-ms="6106" status="PASS">
          <params>
            <param index="0">
              <value>
                <![CDATA["Validate the Page URL, Page Heading and Page Title of Contact Us page"]]>
              </value>
            </param>
            <param index="1">
              <value>
                <![CDATA["validate contactUs functionality"]]>
              </value>
            </param>
          </params>
          <reporter-output>
          </reporter-output>
        </test-method> <!-- runScenario -->
        <test-method signature="runScenario(io.cucumber.testng.PickleWrapper,io.cucumber.testng.FeatureWrapper)[pri:0, instance:runners.TestNGRTestRunner@561b6512]" started-at="2025-11-12T23:29:58 IST" name="runScenario" description="Runs Cucumber Scenarios" data-provider="scenarios" finished-at="2025-11-12T23:30:03 IST" duration-ms="4803" status="PASS">
          <params>
            <param index="0">
              <value>
                <![CDATA["Validate the Contact Us page  functionality in all the supported environments"]]>
              </value>
            </param>
            <param index="1">
              <value>
                <![CDATA["validate contactUs functionality"]]>
              </value>
            </param>
          </params>
          <reporter-output>
          </reporter-output>
        </test-method> <!-- runScenario -->
        <test-method signature="runScenario(io.cucumber.testng.PickleWrapper,io.cucumber.testng.FeatureWrapper)[pri:0, instance:runners.TestNGRTestRunner@561b6512]" started-at="2025-11-12T23:30:03 IST" name="runScenario" description="Runs Cucumber Scenarios" data-provider="scenarios" finished-at="2025-11-12T23:30:10 IST" duration-ms="7600" status="PASS">
          <params>
            <param index="0">
              <value>
                <![CDATA["Validate the complete functionality of the Application by selecting Euro currency"]]>
              </value>
            </param>
            <param index="1">
              <value>
                <![CDATA["verify currency functionality"]]>
              </value>
            </param>
          </params>
          <reporter-output>
          </reporter-output>
        </test-method> <!-- runScenario -->
        <test-method signature="runScenario(io.cucumber.testng.PickleWrapper,io.cucumber.testng.FeatureWrapper)[pri:0, instance:runners.TestNGRTestRunner@561b6512]" started-at="2025-11-12T23:30:10 IST" name="runScenario" description="Runs Cucumber Scenarios" data-provider="scenarios" finished-at="2025-11-12T23:30:15 IST" duration-ms="5112" status="PASS">
          <params>
            <param index="0">
              <value>
                <![CDATA["Validate the complete functionality of the Application by selecting pounds currency"]]>
              </value>
            </param>
            <param index="1">
              <value>
                <![CDATA["verify currency functionality"]]>
              </value>
            </param>
          </params>
          <reporter-output>
          </reporter-output>
        </test-method> <!-- runScenario -->
        <test-method signature="runScenario(io.cucumber.testng.PickleWrapper,io.cucumber.testng.FeatureWrapper)[pri:0, instance:runners.TestNGRTestRunner@561b6512]" started-at="2025-11-12T23:30:15 IST" name="runScenario" description="Runs Cucumber Scenarios" data-provider="scenarios" finished-at="2025-11-12T23:30:21 IST" duration-ms="5332" status="PASS">
          <params>
            <param index="0">
              <value>
                <![CDATA["Validate the complete functionality of the Application by selecting  currency"]]>
              </value>
            </param>
            <param index="1">
              <value>
                <![CDATA["verify currency functionality"]]>
              </value>
            </param>
          </params>
          <reporter-output>
          </reporter-output>
        </test-method> <!-- runScenario -->
        <test-method signature="runScenario(io.cucumber.testng.PickleWrapper,io.cucumber.testng.FeatureWrapper)[pri:0, instance:runners.TestNGRTestRunner@561b6512]" started-at="2025-11-12T23:30:21 IST" name="runScenario" description="Runs Cucumber Scenarios" data-provider="scenarios" finished-at="2025-11-12T23:30:25 IST" duration-ms="3973" status="PASS">
          <params>
            <param index="0">
              <value>
                <![CDATA["Navigate to Purchase Gift Certificate page"]]>
              </value>
            </param>
            <param index="1">
              <value>
                <![CDATA["validate Gift certificate functionality"]]>
              </value>
            </param>
          </params>
          <reporter-output>
          </reporter-output>
        </test-method> <!-- runScenario -->
        <test-method signature="runScenario(io.cucumber.testng.PickleWrapper,io.cucumber.testng.FeatureWrapper)[pri:0, instance:runners.TestNGRTestRunner@561b6512]" started-at="2025-11-12T23:30:25 IST" name="runScenario" description="Runs Cucumber Scenarios" data-provider="scenarios" finished-at="2025-11-12T23:30:29 IST" duration-ms="4026" status="PASS">
          <params>
            <param index="0">
              <value>
                <![CDATA["Verify mandatory fields marked with star in red"]]>
              </value>
            </param>
            <param index="1">
              <value>
                <![CDATA["validate Gift certificate functionality"]]>
              </value>
            </param>
          </params>
          <reporter-output>
          </reporter-output>
        </test-method> <!-- runScenario -->
        <test-method signature="runScenario(io.cucumber.testng.PickleWrapper,io.cucumber.testng.FeatureWrapper)[pri:0, instance:runners.TestNGRTestRunner@561b6512]" started-at="2025-11-12T23:30:29 IST" name="runScenario" description="Runs Cucumber Scenarios" data-provider="scenarios" finished-at="2025-11-12T23:30:33 IST" duration-ms="4270" status="FAIL">
          <params>
            <param index="0">
              <value>
                <![CDATA["Verify default Theme selection"]]>
              </value>
            </param>
            <param index="1">
              <value>
                <![CDATA["validate Gift certificate functionality"]]>
              </value>
            </param>
          </params>
          <exception class="java.lang.AssertionError">
            <message>
              <![CDATA[first option is not selected by default! expected [true] but found [false]]]>
            </message>
            <full-stacktrace>
              <![CDATA[java.lang.AssertionError: first option is not selected by default! expected [true] but found [false]
at org.testng.Assert.fail(Assert.java:111)
at org.testng.Assert.failNotEquals(Assert.java:1590)
at org.testng.Assert.assertTrue(Assert.java:57)
at stepDefinitions.GiftCertificatePageStepDefinitions.user_should_see_a_default_theme_birthday_or_first_option_is_selected_by_default(GiftCertificatePageStepDefinitions.java:58)
at ✽.User should see a default theme Birthday or first option is selected by default(file:///C:/Users/Sumit/eclipse-workspace/NewAccount02092025/cucumber-selenium-tutorialsninja/src/test/java/features/GiftCeritficate.feature:24)
]]>
            </full-stacktrace>
          </exception> <!-- java.lang.AssertionError -->
          <reporter-output>
          </reporter-output>
        </test-method> <!-- runScenario -->
        <test-method signature="runScenario(io.cucumber.testng.PickleWrapper,io.cucumber.testng.FeatureWrapper)[pri:0, instance:runners.TestNGRTestRunner@561b6512]" started-at="2025-11-12T23:30:33 IST" name="runScenario" description="Runs Cucumber Scenarios" data-provider="scenarios" finished-at="2025-11-12T23:30:39 IST" duration-ms="5640" status="PASS">
          <params>
            <param index="0">
              <value>
                <![CDATA["Verify validation when required field left blank"]]>
              </value>
            </param>
            <param index="1">
              <value>
                <![CDATA["validate Gift certificate functionality"]]>
              </value>
            </param>
          </params>
          <reporter-output>
          </reporter-output>
        </test-method> <!-- runScenario -->
        <test-method signature="runScenario(io.cucumber.testng.PickleWrapper,io.cucumber.testng.FeatureWrapper)[pri:0, instance:runners.TestNGRTestRunner@561b6512]" started-at="2025-11-12T23:30:39 IST" name="runScenario" description="Runs Cucumber Scenarios" data-provider="scenarios" finished-at="2025-11-12T23:30:44 IST" duration-ms="5556" status="PASS">
          <params>
            <param index="0">
              <value>
                <![CDATA["Verify validation for invalid email address"]]>
              </value>
            </param>
            <param index="1">
              <value>
                <![CDATA["validate Gift certificate functionality"]]>
              </value>
            </param>
          </params>
          <reporter-output>
          </reporter-output>
        </test-method> <!-- runScenario -->
        <test-method signature="runScenario(io.cucumber.testng.PickleWrapper,io.cucumber.testng.FeatureWrapper)[pri:0, instance:runners.TestNGRTestRunner@561b6512]" started-at="2025-11-12T23:30:44 IST" name="runScenario" description="Runs Cucumber Scenarios" data-provider="scenarios" finished-at="2025-11-12T23:30:51 IST" duration-ms="6396" status="PASS">
          <params>
            <param index="0">
              <value>
                <![CDATA["Verify minimum amount validation"]]>
              </value>
            </param>
            <param index="1">
              <value>
                <![CDATA["validate Gift certificate functionality"]]>
              </value>
            </param>
          </params>
          <reporter-output>
          </reporter-output>
        </test-method> <!-- runScenario -->
        <test-method signature="runScenario(io.cucumber.testng.PickleWrapper,io.cucumber.testng.FeatureWrapper)[pri:0, instance:runners.TestNGRTestRunner@561b6512]" started-at="2025-11-12T23:30:51 IST" name="runScenario" description="Runs Cucumber Scenarios" data-provider="scenarios" finished-at="2025-11-12T23:30:56 IST" duration-ms="5545" status="PASS">
          <params>
            <param index="0">
              <value>
                <![CDATA["Verify successful gift certificate creation"]]>
              </value>
            </param>
            <param index="1">
              <value>
                <![CDATA["validate Gift certificate functionality"]]>
              </value>
            </param>
          </params>
          <reporter-output>
          </reporter-output>
        </test-method> <!-- runScenario -->
        <test-method signature="runScenario(io.cucumber.testng.PickleWrapper,io.cucumber.testng.FeatureWrapper)[pri:0, instance:runners.TestNGRTestRunner@561b6512]" started-at="2025-11-12T23:30:56 IST" name="runScenario" description="Runs Cucumber Scenarios" data-provider="scenarios" finished-at="2025-11-12T23:31:02 IST" duration-ms="6339" status="PASS">
          <params>
            <param index="0">
              <value>
                <![CDATA["Verify gift certificate appears in shopping cart"]]>
              </value>
            </param>
            <param index="1">
              <value>
                <![CDATA["validate Gift certificate functionality"]]>
              </value>
            </param>
          </params>
          <reporter-output>
          </reporter-output>
        </test-method> <!-- runScenario -->
        <test-method signature="runScenario(io.cucumber.testng.PickleWrapper,io.cucumber.testng.FeatureWrapper)[pri:0, instance:runners.TestNGRTestRunner@561b6512]" started-at="2025-11-12T23:31:02 IST" name="runScenario" description="Runs Cucumber Scenarios" data-provider="scenarios" finished-at="2025-11-12T23:31:05 IST" duration-ms="2700" status="PASS">
          <params>
            <param index="0">
              <value>
                <![CDATA["Verify presence of logo in the header"]]>
              </value>
            </param>
            <param index="1">
              <value>
                <![CDATA["Verify Header and Footer functionality"]]>
              </value>
            </param>
          </params>
          <reporter-output>
          </reporter-output>
        </test-method> <!-- runScenario -->
        <test-method signature="runScenario(io.cucumber.testng.PickleWrapper,io.cucumber.testng.FeatureWrapper)[pri:0, instance:runners.TestNGRTestRunner@561b6512]" started-at="2025-11-12T23:31:05 IST" name="runScenario" description="Runs Cucumber Scenarios" data-provider="scenarios" finished-at="2025-11-12T23:31:09 IST" duration-ms="4035" status="PASS">
          <params>
            <param index="0">
              <value>
                <![CDATA["Verify clicking logo navigates to Home Page"]]>
              </value>
            </param>
            <param index="1">
              <value>
                <![CDATA["Verify Header and Footer functionality"]]>
              </value>
            </param>
          </params>
          <reporter-output>
          </reporter-output>
        </test-method> <!-- runScenario -->
        <test-method signature="runScenario(io.cucumber.testng.PickleWrapper,io.cucumber.testng.FeatureWrapper)[pri:0, instance:runners.TestNGRTestRunner@561b6512]" started-at="2025-11-12T23:31:09 IST" name="runScenario" description="Runs Cucumber Scenarios" data-provider="scenarios" finished-at="2025-11-12T23:31:12 IST" duration-ms="2503" status="PASS">
          <params>
            <param index="0">
              <value>
                <![CDATA["Verify Search box presence in header"]]>
              </value>
            </param>
            <param index="1">
              <value>
                <![CDATA["Verify Header and Footer functionality"]]>
              </value>
            </param>
          </params>
          <reporter-output>
          </reporter-output>
        </test-method> <!-- runScenario -->
        <test-method signature="runScenario(io.cucumber.testng.PickleWrapper,io.cucumber.testng.FeatureWrapper)[pri:0, instance:runners.TestNGRTestRunner@561b6512]" started-at="2025-11-12T23:31:12 IST" name="runScenario" description="Runs Cucumber Scenarios" data-provider="scenarios" finished-at="2025-11-12T23:31:15 IST" duration-ms="3411" status="PASS">
          <params>
            <param index="0">
              <value>
                <![CDATA["Verify search functionality with valid product name"]]>
              </value>
            </param>
            <param index="1">
              <value>
                <![CDATA["Verify Header and Footer functionality"]]>
              </value>
            </param>
          </params>
          <reporter-output>
          </reporter-output>
        </test-method> <!-- runScenario -->
        <test-method signature="runScenario(io.cucumber.testng.PickleWrapper,io.cucumber.testng.FeatureWrapper)[pri:0, instance:runners.TestNGRTestRunner@561b6512]" started-at="2025-11-12T23:31:15 IST" name="runScenario" description="Runs Cucumber Scenarios" data-provider="scenarios" finished-at="2025-11-12T23:31:19 IST" duration-ms="3719" status="PASS">
          <params>
            <param index="0">
              <value>
                <![CDATA["Verify search functionality with invalid product name"]]>
              </value>
            </param>
            <param index="1">
              <value>
                <![CDATA["Verify Header and Footer functionality"]]>
              </value>
            </param>
          </params>
          <reporter-output>
          </reporter-output>
        </test-method> <!-- runScenario -->
        <test-method signature="runScenario(io.cucumber.testng.PickleWrapper,io.cucumber.testng.FeatureWrapper)[pri:0, instance:runners.TestNGRTestRunner@561b6512]" started-at="2025-11-12T23:31:19 IST" name="runScenario" description="Runs Cucumber Scenarios" data-provider="scenarios" finished-at="2025-11-12T23:31:21 IST" duration-ms="2493" status="PASS">
          <params>
            <param index="0">
              <value>
                <![CDATA["Verify Cart icon visibility"]]>
              </value>
            </param>
            <param index="1">
              <value>
                <![CDATA["Verify Header and Footer functionality"]]>
              </value>
            </param>
          </params>
          <reporter-output>
          </reporter-output>
        </test-method> <!-- runScenario -->
        <test-method signature="runScenario(io.cucumber.testng.PickleWrapper,io.cucumber.testng.FeatureWrapper)[pri:0, instance:runners.TestNGRTestRunner@561b6512]" started-at="2025-11-12T23:31:21 IST" name="runScenario" description="Runs Cucumber Scenarios" data-provider="scenarios" finished-at="2025-11-12T23:31:24 IST" duration-ms="2868" status="PASS">
          <params>
            <param index="0">
              <value>
                <![CDATA["Verify clicking Cart icon redirects to Shopping Cart page"]]>
              </value>
            </param>
            <param index="1">
              <value>
                <![CDATA["Verify Header and Footer functionality"]]>
              </value>
            </param>
          </params>
          <reporter-output>
          </reporter-output>
        </test-method> <!-- runScenario -->
        <test-method signature="runScenario(io.cucumber.testng.PickleWrapper,io.cucumber.testng.FeatureWrapper)[pri:0, instance:runners.TestNGRTestRunner@561b6512]" started-at="2025-11-12T23:31:24 IST" name="runScenario" description="Runs Cucumber Scenarios" data-provider="scenarios" finished-at="2025-11-12T23:31:27 IST" duration-ms="3348" status="PASS">
          <params>
            <param index="0">
              <value>
                <![CDATA["Verify dropdown items under Desktops menu"]]>
              </value>
            </param>
            <param index="1">
              <value>
                <![CDATA["Verify Header and Footer functionality"]]>
              </value>
            </param>
          </params>
          <reporter-output>
          </reporter-output>
        </test-method> <!-- runScenario -->
        <test-method signature="runScenario(io.cucumber.testng.PickleWrapper,io.cucumber.testng.FeatureWrapper)[pri:0, instance:runners.TestNGRTestRunner@561b6512]" started-at="2025-11-12T23:31:27 IST" name="runScenario" description="Runs Cucumber Scenarios" data-provider="scenarios" finished-at="2025-11-12T23:31:31 IST" duration-ms="3346" status="PASS">
          <params>
            <param index="0">
              <value>
                <![CDATA["Verify dropdown items under Laptops & Notebooks menu"]]>
              </value>
            </param>
            <param index="1">
              <value>
                <![CDATA["Verify Header and Footer functionality"]]>
              </value>
            </param>
          </params>
          <reporter-output>
          </reporter-output>
        </test-method> <!-- runScenario -->
        <test-method signature="runScenario(io.cucumber.testng.PickleWrapper,io.cucumber.testng.FeatureWrapper)[pri:0, instance:runners.TestNGRTestRunner@561b6512]" started-at="2025-11-12T23:31:31 IST" name="runScenario" description="Runs Cucumber Scenarios" data-provider="scenarios" finished-at="2025-11-12T23:31:37 IST" duration-ms="5868" status="PASS">
          <params>
            <param index="0">
              <value>
                <![CDATA["Verify clicking Show All option under each category"]]>
              </value>
            </param>
            <param index="1">
              <value>
                <![CDATA["Verify Header and Footer functionality"]]>
              </value>
            </param>
          </params>
          <reporter-output>
          </reporter-output>
        </test-method> <!-- runScenario -->
        <test-method signature="runScenario(io.cucumber.testng.PickleWrapper,io.cucumber.testng.FeatureWrapper)[pri:0, instance:runners.TestNGRTestRunner@561b6512]" started-at="2025-11-12T23:31:37 IST" name="runScenario" description="Runs Cucumber Scenarios" data-provider="scenarios" finished-at="2025-11-12T23:31:41 IST" duration-ms="4042" status="PASS">
          <params>
            <param index="0">
              <value>
                <![CDATA["Verify current page highlighting on menu"]]>
              </value>
            </param>
            <param index="1">
              <value>
                <![CDATA["Verify Header and Footer functionality"]]>
              </value>
            </param>
          </params>
          <reporter-output>
          </reporter-output>
        </test-method> <!-- runScenario -->
        <test-method signature="runScenario(io.cucumber.testng.PickleWrapper,io.cucumber.testng.FeatureWrapper)[pri:0, instance:runners.TestNGRTestRunner@561b6512]" started-at="2025-11-12T23:31:41 IST" name="runScenario" description="Runs Cucumber Scenarios" data-provider="scenarios" finished-at="2025-11-12T23:31:43 IST" duration-ms="2531" status="PASS">
          <params>
            <param index="0">
              <value>
                <![CDATA["Verify My Account dropdown options"]]>
              </value>
            </param>
            <param index="1">
              <value>
                <![CDATA["Verify Header and Footer functionality"]]>
              </value>
            </param>
          </params>
          <reporter-output>
          </reporter-output>
        </test-method> <!-- runScenario -->
        <test-method signature="runScenario(io.cucumber.testng.PickleWrapper,io.cucumber.testng.FeatureWrapper)[pri:0, instance:runners.TestNGRTestRunner@561b6512]" started-at="2025-11-12T23:31:43 IST" name="runScenario" description="Runs Cucumber Scenarios" data-provider="scenarios" finished-at="2025-11-12T23:31:47 IST" duration-ms="4131" status="PASS">
          <params>
            <param index="0">
              <value>
                <![CDATA["Verify navigation from Login link in My Account dropdown"]]>
              </value>
            </param>
            <param index="1">
              <value>
                <![CDATA["Verify Header and Footer functionality"]]>
              </value>
            </param>
          </params>
          <reporter-output>
          </reporter-output>
        </test-method> <!-- runScenario -->
        <test-method signature="runScenario(io.cucumber.testng.PickleWrapper,io.cucumber.testng.FeatureWrapper)[pri:0, instance:runners.TestNGRTestRunner@561b6512]" started-at="2025-11-12T23:31:47 IST" name="runScenario" description="Runs Cucumber Scenarios" data-provider="scenarios" finished-at="2025-11-12T23:31:50 IST" duration-ms="2712" status="PASS">
          <params>
            <param index="0">
              <value>
                <![CDATA["Verify presence of footer section"]]>
              </value>
            </param>
            <param index="1">
              <value>
                <![CDATA["Verify Header and Footer functionality"]]>
              </value>
            </param>
          </params>
          <reporter-output>
          </reporter-output>
        </test-method> <!-- runScenario -->
        <test-method signature="runScenario(io.cucumber.testng.PickleWrapper,io.cucumber.testng.FeatureWrapper)[pri:0, instance:runners.TestNGRTestRunner@561b6512]" started-at="2025-11-12T23:31:50 IST" name="runScenario" description="Runs Cucumber Scenarios" data-provider="scenarios" finished-at="2025-11-12T23:31:53 IST" duration-ms="2757" status="PASS">
          <params>
            <param index="0">
              <value>
                <![CDATA["Verify Information section links in footer"]]>
              </value>
            </param>
            <param index="1">
              <value>
                <![CDATA["Verify Header and Footer functionality"]]>
              </value>
            </param>
          </params>
          <reporter-output>
          </reporter-output>
        </test-method> <!-- runScenario -->
        <test-method signature="runScenario(io.cucumber.testng.PickleWrapper,io.cucumber.testng.FeatureWrapper)[pri:0, instance:runners.TestNGRTestRunner@561b6512]" started-at="2025-11-12T23:31:53 IST" name="runScenario" description="Runs Cucumber Scenarios" data-provider="scenarios" finished-at="2025-11-12T23:31:56 IST" duration-ms="2961" status="PASS">
          <params>
            <param index="0">
              <value>
                <![CDATA["Verify footer customer Service section links"]]>
[...]
            </param>
            <param index="1">
              <value>
                <![CDATA["validate Special offers functionality"]]>
              </value>
            </param>
          </params>
          <reporter-output>
          </reporter-output>
        </test-method> <!-- runScenario -->
        <test-method signature="runScenario(io.cucumber.testng.PickleWrapper,io.cucumber.testng.FeatureWrapper)[pri:0, instance:runners.TestNGRTestRunner@561b6512]" started-at="2025-11-13T00:17:13 IST" name="runScenario" description="Runs Cucumber Scenarios" data-provider="scenarios" finished-at="2025-11-13T00:18:25 IST" duration-ms="71665" status="PASS">
          <params>
            <param index="0">
              <value>
                <![CDATA["Validate sorting options on Special Offers page"]]>
              </value>
            </param>
            <param index="1">
              <value>
                <![CDATA["validate Special offers functionality"]]>
              </value>
            </param>
          </params>
          <reporter-output>
          </reporter-output>
        </test-method> <!-- runScenario -->
        <test-method signature="runScenario(io.cucumber.testng.PickleWrapper,io.cucumber.testng.FeatureWrapper)[pri:0, instance:runners.TestNGRTestRunner@561b6512]" started-at="2025-11-13T00:18:25 IST" name="runScenario" description="Runs Cucumber Scenarios" data-provider="scenarios" finished-at="2025-11-13T00:18:56 IST" duration-ms="31084" status="PASS">
          <params>
            <param index="0">
              <value>
                <![CDATA["Validate that clicking on an offer product opens its detail page"]]>
              </value>
            </param>
            <param index="1">
              <value>
                <![CDATA["validate Special offers functionality"]]>
              </value>
            </param>
          </params>
          <reporter-output>
          </reporter-output>
        </test-method> <!-- runScenario -->
        <test-method signature="runScenario(io.cucumber.testng.PickleWrapper,io.cucumber.testng.FeatureWrapper)[pri:0, instance:runners.TestNGRTestRunner@561b6512]" started-at="2025-11-13T00:18:56 IST" name="runScenario" description="Runs Cucumber Scenarios" data-provider="scenarios" finished-at="2025-11-13T00:19:03 IST" duration-ms="7243" status="PASS">
          <params>
            <param index="0">
              <value>
                <![CDATA["Validate expired offers are not displayed"]]>
              </value>
            </param>
            <param index="1">
              <value>
                <![CDATA["validate Special offers functionality"]]>
              </value>
            </param>
          </params>
          <reporter-output>
          </reporter-output>
        </test-method> <!-- runScenario -->
        <test-method signature="runScenario(io.cucumber.testng.PickleWrapper,io.cucumber.testng.FeatureWrapper)[pri:0, instance:runners.TestNGRTestRunner@561b6512]" started-at="2025-11-13T00:19:03 IST" name="runScenario" description="Runs Cucumber Scenarios" data-provider="scenarios" finished-at="2025-11-13T00:19:09 IST" duration-ms="5102" status="PASS">
          <params>
            <param index="0">
              <value>
                <![CDATA["Validate guest user can view offers without login"]]>
              </value>
            </param>
            <param index="1">
              <value>
                <![CDATA["validate Special offers functionality"]]>
              </value>
            </param>
          </params>
          <reporter-output>
          </reporter-output>
        </test-method> <!-- runScenario -->
        <test-method signature="runScenario(io.cucumber.testng.PickleWrapper,io.cucumber.testng.FeatureWrapper)[pri:0, instance:runners.TestNGRTestRunner@561b6512]" started-at="2025-11-13T00:19:09 IST" name="runScenario" description="Runs Cucumber Scenarios" data-provider="scenarios" finished-at="2025-11-13T00:19:12 IST" duration-ms="3460" status="PASS">
          <params>
            <param index="0">
              <value>
                <![CDATA["Validate that Special Offers link is present in footer navigation"]]>
              </value>
            </param>
            <param index="1">
              <value>
                <![CDATA["validate Special offers functionality"]]>
              </value>
            </param>
          </params>
          <reporter-output>
          </reporter-output>
        </test-method> <!-- runScenario -->
        <test-method signature="runScenario(io.cucumber.testng.PickleWrapper,io.cucumber.testng.FeatureWrapper)[pri:0, instance:runners.TestNGRTestRunner@561b6512]" started-at="2025-11-13T00:19:12 IST" name="runScenario" description="Runs Cucumber Scenarios" data-provider="scenarios" finished-at="2025-11-13T00:19:19 IST" duration-ms="6848" status="PASS">
          <params>
            <param index="0">
              <value>
                <![CDATA["Add product to wish list from product listing page"]]>
              </value>
            </param>
            <param index="1">
              <value>
                <![CDATA["Validate WishList functionality"]]>
              </value>
            </param>
          </params>
          <reporter-output>
          </reporter-output>
        </test-method> <!-- runScenario -->
        <test-method signature="runScenario(io.cucumber.testng.PickleWrapper,io.cucumber.testng.FeatureWrapper)[pri:0, instance:runners.TestNGRTestRunner@561b6512]" started-at="2025-11-13T00:19:19 IST" name="runScenario" description="Runs Cucumber Scenarios" data-provider="scenarios" finished-at="2025-11-13T00:19:26 IST" duration-ms="7475" status="PASS">
          <params>
            <param index="0">
              <value>
                <![CDATA["Add product to wish list from product details page"]]>
              </value>
            </param>
            <param index="1">
              <value>
                <![CDATA["Validate WishList functionality"]]>
              </value>
            </param>
          </params>
          <reporter-output>
          </reporter-output>
        </test-method> <!-- runScenario -->
        <test-method signature="runScenario(io.cucumber.testng.PickleWrapper,io.cucumber.testng.FeatureWrapper)[pri:0, instance:runners.TestNGRTestRunner@561b6512]" started-at="2025-11-13T00:19:26 IST" name="runScenario" description="Runs Cucumber Scenarios" data-provider="scenarios" finished-at="2025-11-13T00:19:31 IST" duration-ms="4556" status="PASS">
          <params>
            <param index="0">
              <value>
                <![CDATA["Verify wish list access without login"]]>
              </value>
            </param>
            <param index="1">
              <value>
                <![CDATA["Validate WishList functionality"]]>
              </value>
            </param>
          </params>
          <reporter-output>
          </reporter-output>
        </test-method> <!-- runScenario -->
        <test-method signature="runScenario(io.cucumber.testng.PickleWrapper,io.cucumber.testng.FeatureWrapper)[pri:0, instance:runners.TestNGRTestRunner@561b6512]" started-at="2025-11-13T00:19:31 IST" name="runScenario" description="Runs Cucumber Scenarios" data-provider="scenarios" finished-at="2025-11-13T00:19:40 IST" duration-ms="9228" status="PASS">
          <params>
            <param index="0">
              <value>
                <![CDATA["Verify Prevent duplicate entries in wish list"]]>
              </value>
            </param>
            <param index="1">
              <value>
                <![CDATA["Validate WishList functionality"]]>
              </value>
            </param>
          </params>
          <reporter-output>
          </reporter-output>
        </test-method> <!-- runScenario -->
        <test-method signature="runScenario(io.cucumber.testng.PickleWrapper,io.cucumber.testng.FeatureWrapper)[pri:0, instance:runners.TestNGRTestRunner@561b6512]" started-at="2025-11-13T00:19:40 IST" name="runScenario" description="Runs Cucumber Scenarios" data-provider="scenarios" finished-at="2025-11-13T00:19:51 IST" duration-ms="10481" status="PASS">
          <params>
            <param index="0">
              <value>
                <![CDATA["Add multiple products to wish list"]]>
              </value>
            </param>
            <param index="1">
              <value>
                <![CDATA["Validate WishList functionality"]]>
              </value>
            </param>
          </params>
          <reporter-output>
          </reporter-output>
        </test-method> <!-- runScenario -->
        <test-method signature="runScenario(io.cucumber.testng.PickleWrapper,io.cucumber.testng.FeatureWrapper)[pri:0, instance:runners.TestNGRTestRunner@561b6512]" started-at="2025-11-13T00:19:51 IST" name="runScenario" description="Runs Cucumber Scenarios" data-provider="scenarios" finished-at="2025-11-13T00:20:09 IST" duration-ms="18764" status="PASS">
          <params>
            <param index="0">
              <value>
                <![CDATA["Remove a product from wish list"]]>
              </value>
            </param>
            <param index="1">
              <value>
                <![CDATA["Validate WishList functionality"]]>
              </value>
            </param>
          </params>
          <reporter-output>
          </reporter-output>
        </test-method> <!-- runScenario -->
        <test-method signature="runScenario(io.cucumber.testng.PickleWrapper,io.cucumber.testng.FeatureWrapper)[pri:0, instance:runners.TestNGRTestRunner@561b6512]" started-at="2025-11-13T00:20:09 IST" name="runScenario" description="Runs Cucumber Scenarios" data-provider="scenarios" finished-at="2025-11-13T00:20:24 IST" duration-ms="14569" status="PASS">
          <params>
            <param index="0">
              <value>
                <![CDATA["Verify removing one product does not affect others"]]>
              </value>
            </param>
            <param index="1">
              <value>
                <![CDATA["Validate WishList functionality"]]>
              </value>
            </param>
          </params>
          <reporter-output>
          </reporter-output>
        </test-method> <!-- runScenario -->
        <test-method signature="runScenario(io.cucumber.testng.PickleWrapper,io.cucumber.testng.FeatureWrapper)[pri:0, instance:runners.TestNGRTestRunner@561b6512]" started-at="2025-11-13T00:20:24 IST" name="runScenario" description="Runs Cucumber Scenarios" data-provider="scenarios" finished-at="2025-11-13T00:20:52 IST" duration-ms="28390" status="PASS">
          <params>
            <param index="0">
              <value>
                <![CDATA["Verify empty wishlist message"]]>
              </value>
            </param>
            <param index="1">
              <value>
                <![CDATA["Validate WishList functionality"]]>
              </value>
            </param>
          </params>
          <reporter-output>
          </reporter-output>
        </test-method> <!-- runScenario -->
        <test-method signature="runScenario(io.cucumber.testng.PickleWrapper,io.cucumber.testng.FeatureWrapper)[pri:0, instance:runners.TestNGRTestRunner@561b6512]" started-at="2025-11-13T00:20:52 IST" name="runScenario" description="Runs Cucumber Scenarios" data-provider="scenarios" finished-at="2025-11-13T00:21:00 IST" duration-ms="8167" status="PASS">
          <params>
            <param index="0">
              <value>
                <![CDATA["Verify product details in wishList"]]>
              </value>
            </param>
            <param index="1">
              <value>
                <![CDATA["Validate WishList functionality"]]>
              </value>
            </param>
          </params>
          <reporter-output>
          </reporter-output>
        </test-method> <!-- runScenario -->
        <test-method signature="runScenario(io.cucumber.testng.PickleWrapper,io.cucumber.testng.FeatureWrapper)[pri:0, instance:runners.TestNGRTestRunner@561b6512]" started-at="2025-11-13T00:21:00 IST" name="runScenario" description="Runs Cucumber Scenarios" data-provider="scenarios" finished-at="2025-11-13T00:21:08 IST" duration-ms="7835" status="PASS">
          <params>
            <param index="0">
              <value>
                <![CDATA["Verify wish list link from header"]]>
              </value>
            </param>
            <param index="1">
              <value>
                <![CDATA["Validate WishList functionality"]]>
              </value>
            </param>
          </params>
          <reporter-output>
          </reporter-output>
        </test-method> <!-- runScenario -->
        <test-method signature="runScenario(io.cucumber.testng.PickleWrapper,io.cucumber.testng.FeatureWrapper)[pri:0, instance:runners.TestNGRTestRunner@561b6512]" started-at="2025-11-13T00:21:08 IST" name="runScenario" description="Runs Cucumber Scenarios" data-provider="scenarios" finished-at="2025-11-13T00:21:28 IST" duration-ms="19377" status="PASS">
          <params>
            <param index="0">
              <value>
                <![CDATA["Verify wish list counter updates"]]>
              </value>
            </param>
            <param index="1">
              <value>
                <![CDATA["Validate WishList functionality"]]>
              </value>
            </param>
          </params>
          <reporter-output>
          </reporter-output>
        </test-method> <!-- runScenario -->
        <test-method signature="runScenario(io.cucumber.testng.PickleWrapper,io.cucumber.testng.FeatureWrapper)[pri:0, instance:runners.TestNGRTestRunner@561b6512]" started-at="2025-11-13T00:21:28 IST" name="runScenario" description="Runs Cucumber Scenarios" data-provider="scenarios" finished-at="2025-11-13T00:21:38 IST" duration-ms="10427" status="PASS">
          <params>
            <param index="0">
              <value>
                <![CDATA["Verify wish list persistence after logout/login"]]>
              </value>
            </param>
            <param index="1">
              <value>
                <![CDATA["Validate WishList functionality"]]>
              </value>
            </param>
          </params>
          <reporter-output>
          </reporter-output>
        </test-method> <!-- runScenario -->
        <test-method signature="runScenario(io.cucumber.testng.PickleWrapper,io.cucumber.testng.FeatureWrapper)[pri:0, instance:runners.TestNGRTestRunner@561b6512]" started-at="2025-11-13T00:21:38 IST" name="runScenario" description="Runs Cucumber Scenarios" data-provider="scenarios" finished-at="2025-11-13T00:21:43 IST" duration-ms="4952" status="PASS">
          <params>
            <param index="0">
              <value>
                <![CDATA["Verify new user has empty wish list"]]>
              </value>
            </param>
            <param index="1">
              <value>
                <![CDATA["Validate WishList functionality"]]>
              </value>
            </param>
          </params>
          <reporter-output>
          </reporter-output>
        </test-method> <!-- runScenario -->
        <test-method signature="runScenario(io.cucumber.testng.PickleWrapper,io.cucumber.testng.FeatureWrapper)[pri:0, instance:runners.TestNGRTestRunner@561b6512]" started-at="2025-11-13T00:21:43 IST" name="runScenario" description="Runs Cucumber Scenarios" data-provider="scenarios" finished-at="2025-11-13T00:21:50 IST" duration-ms="6807" status="PASS">
          <params>
            <param index="0">
              <value>
                <![CDATA["Verify add-to-wish-list after login redirect"]]>
              </value>
            </param>
            <param index="1">
              <value>
                <![CDATA["Validate WishList functionality"]]>
              </value>
            </param>
          </params>
          <reporter-output>
          </reporter-output>
        </test-method> <!-- runScenario -->
        <test-method signature="runScenario(io.cucumber.testng.PickleWrapper,io.cucumber.testng.FeatureWrapper)[pri:0, instance:runners.TestNGRTestRunner@561b6512]" started-at="2025-11-13T00:21:50 IST" name="runScenario" description="Runs Cucumber Scenarios" data-provider="scenarios" finished-at="2025-11-13T00:21:57 IST" duration-ms="7122" status="PASS">
          <params>
            <param index="0">
              <value>
                <![CDATA["Move product from wish list to cart"]]>
              </value>
            </param>
            <param index="1">
              <value>
                <![CDATA["Validate WishList functionality"]]>
              </value>
            </param>
          </params>
          <reporter-output>
          </reporter-output>
        </test-method> <!-- runScenario -->
        <test-method signature="runScenario(io.cucumber.testng.PickleWrapper,io.cucumber.testng.FeatureWrapper)[pri:0, instance:runners.TestNGRTestRunner@561b6512]" started-at="2025-11-13T00:21:57 IST" name="runScenario" description="Runs Cucumber Scenarios" data-provider="scenarios" finished-at="2025-11-13T00:22:05 IST" duration-ms="8306" status="PASS">
          <params>
            <param index="0">
              <value>
                <![CDATA["Verify product remains in wish list after add-to-cart"]]>
              </value>
            </param>
            <param index="1">
              <value>
                <![CDATA["Validate WishList functionality"]]>
              </value>
            </param>
          </params>
          <reporter-output>
          </reporter-output>
        </test-method> <!-- runScenario -->
        <test-method signature="runScenario(io.cucumber.testng.PickleWrapper,io.cucumber.testng.FeatureWrapper)[pri:0, instance:runners.TestNGRTestRunner@561b6512]" started-at="2025-11-13T00:22:05 IST" name="runScenario" description="Runs Cucumber Scenarios" data-provider="scenarios" finished-at="2025-11-13T00:22:15 IST" duration-ms="9230" status="FAIL">
          <params>
            <param index="0">
              <value>
                <![CDATA["Add out-of-stock product from wish list"]]>
              </value>
            </param>
            <param index="1">
              <value>
                <![CDATA["Validate WishList functionality"]]>
              </value>
            </param>
          </params>
          <exception class="java.lang.AssertionError">
            <message>
              <![CDATA[addToCart button is enabled for outofStock product! expected [true] but found [false]]]>
            </message>
            <full-stacktrace>
              <![CDATA[java.lang.AssertionError: addToCart button is enabled for outofStock product! expected [true] but found [false]
at org.testng.Assert.fail(Assert.java:111)
at org.testng.Assert.failNotEquals(Assert.java:1590)
at org.testng.Assert.assertTrue(Assert.java:57)
at stepDefinitions.myWishListPageStepDefinitions.add_to_cart_button_must_be_disabled_for_out_of_stock_product_on_my_wishlist_page(myWishListPageStepDefinitions.java:22)
at ✽.Add to cart button must be disabled for out of stock product on my wishlist page(file:///C:/Users/Sumit/eclipse-workspace/NewAccount02092025/cucumber-selenium-tutorialsninja/src/test/java/features/WishList.feature:223)
]]>
            </full-stacktrace>
          </exception> <!-- java.lang.AssertionError -->
          <reporter-output>
          </reporter-output>
        </test-method> <!-- runScenario -->
        <test-method is-config="true" signature="tearDownClass()[pri:0, instance:runners.TestNGRTestRunner@561b6512]" started-at="2025-11-13T00:22:15 IST" name="tearDownClass" finished-at="2025-11-13T00:22:35 IST" duration-ms="20290" status="PASS">
          <reporter-output>
          </reporter-output>
        </test-method> <!-- tearDownClass -->
      </class> <!-- runners.TestNGRTestRunner -->
    </test> <!-- Default test -->
  </suite> <!-- Default suite -->
</testng-results>
