<?xml version="1.0" encoding="UTF-8"?>
<!-- Generated by org.testng.reporters.JUnitReportReporter -->
<testsuite hostname="LAPTOP-KQ9V90K9" failures="0" tests="3" name="runners.CrossBrowserTestRunner" time="12.132" errors="0" timestamp="2025-09-25T15:51:19 IST" skipped="0">
  <testcase classname="runners.CrossBrowserTestRunner" name="runScenario" time="4.531"/>
  <testcase classname="runners.CrossBrowserTestRunner" name="runScenario" time="4.246"/>
  <testcase classname="runners.CrossBrowserTestRunner" name="runScenario" time="3.355"/>
</testsuite> <!-- runners.CrossBrowserTestRunner -->
