<?xml version="1.0" encoding="UTF-8"?>
<!-- Generated by org.testng.reporters.JUnitReportReporter -->
<testsuite hostname="LAPTOP-KQ9V90K9" failures="1" tests="3" name="runners.CrossBrowserTestingesTestRunner" time="26.861" errors="0" timestamp="2025-11-07T15:07:18 IST" skipped="0">
  <testcase classname="runners.CrossBrowserTestingesTestRunner" name="runScenario" time="7.326"/>
  <testcase classname="runners.CrossBrowserTestingesTestRunner" name="runScenario" time="4.802"/>
  <testcase classname="runners.CrossBrowserTestingesTestRunner" name="runScenario" time="14.733">
    <failure message="User is not landed on contactUs Page! expected [true] but found [false]" type="java.lang.AssertionError">
      <![CDATA[java.lang.AssertionError: User is not landed on contactUs Page! expected [true] but found [false]
at org.testng.Assert.fail(Assert.java:111)
at org.testng.Assert.failNotEquals(Assert.java:1590)
at org.testng.Assert.assertTrue(Assert.java:57)
at stepDefinitions.ContactUsPageStepDefinitions.user_should_be_taken_to_contact_us_page(ContactUsPageStepDefinitions.java:83)
at âœ½.User should be taken to Contact Us page(file:///C:/Users/Sumit/eclipse-workspace/NewAccount02092025/cucumber-selenium-tutorialsninja/src/test/java/features/ContactUsFunctionality.feature:120)
]]>
    </failure>
  </testcase> <!-- runScenario -->
</testsuite> <!-- runners.CrossBrowserTestingesTestRunner -->
