<?xml version="1.0" encoding="UTF-8"?>
<!-- Generated by org.testng.reporters.JUnitReportReporter -->
<testsuite hostname="LAPTOP-KQ9V90K9" failures="12" tests="307" name="runners.TestNGRTestRunner" time="3743.597" errors="2" timestamp="2025-11-13T00:22:36 IST" skipped="0">
  <testcase classname="runners.TestNGRTestRunner" name="runScenario" time="7.475"/>
  <testcase classname="runners.TestNGRTestRunner" name="runScenario" time="7.600"/>
  <testcase classname="runners.TestNGRTestRunner" name="runScenario" time="8.502"/>
  <testcase classname="runners.TestNGRTestRunner" name="runScenario" time="7.338"/>
  <testcase classname="runners.TestNGRTestRunner" name="runScenario" time="4.919"/>
  <testcase classname="runners.TestNGRTestRunner" name="runScenario" time="3.460"/>
  <testcase classname="runners.TestNGRTestRunner" name="runScenario" time="5.556"/>
  <testcase classname="runners.TestNGRTestRunner" name="runScenario" time="20.754"/>
  <testcase classname="runners.TestNGRTestRunner" name="runScenario" time="4.766"/>
  <testcase classname="runners.TestNGRTestRunner" name="runScenario" time="5.919"/>
  <testcase classname="runners.TestNGRTestRunner" name="runScenario" time="4.916"/>
  <testcase classname="runners.TestNGRTestRunner" name="runScenario" time="41.290"/>
  <testcase classname="runners.TestNGRTestRunner" name="runScenario" time="3.348"/>
  <testcase classname="runners.TestNGRTestRunner" name="runScenario" time="3.973"/>
  <testcase classname="runners.TestNGRTestRunner" name="runScenario" time="7.488"/>
  <testcase classname="runners.TestNGRTestRunner" name="runScenario" time="5.278"/>
  <testcase classname="runners.TestNGRTestRunner" name="runScenario" time="4.215"/>
  <testcase classname="runners.TestNGRTestRunner" name="runScenario" time="5.062"/>
  <testcase classname="runners.TestNGRTestRunner" name="runScenario" time="9.938"/>
  <testcase classname="runners.TestNGRTestRunner" name="runScenario" time="7.914"/>
  <testcase classname="runners.TestNGRTestRunner" name="runScenario" time="11.827"/>
  <testcase classname="runners.TestNGRTestRunner" name="runScenario" time="9.409"/>
  <testcase classname="runners.TestNGRTestRunner" name="runScenario" time="4.270"/>
  <testcase classname="runners.TestNGRTestRunner" name="runScenario" time="6.815"/>
  <testcase classname="runners.TestNGRTestRunner" name="runScenario" time="5.453"/>
  <testcase classname="runners.TestNGRTestRunner" name="runScenario" time="10.147"/>
  <testcase classname="runners.TestNGRTestRunner" name="runScenario" time="8.623"/>
  <testcase classname="runners.TestNGRTestRunner" name="runScenario" time="8.000"/>
  <testcase classname="runners.TestNGRTestRunner" name="runScenario" time="4.188"/>
  <testcase classname="runners.TestNGRTestRunner" name="runScenario" time="2.493"/>
  <testcase classname="runners.TestNGRTestRunner" name="runScenario" time="5.034"/>
  <testcase classname="runners.TestNGRTestRunner" name="runScenario" time="7.417"/>
  <testcase classname="runners.TestNGRTestRunner" name="runScenario" time="3.411"/>
  <testcase classname="runners.TestNGRTestRunner" name="runScenario" time="28.390"/>
  <testcase classname="runners.TestNGRTestRunner" name="runScenario" time="3.071"/>
  <testcase classname="runners.TestNGRTestRunner" name="runScenario" time="4.455"/>
  <testcase classname="runners.TestNGRTestRunner" name="runScenario" time="8.673"/>
  <testcase classname="runners.TestNGRTestRunner" name="runScenario" time="5.519"/>
  <testcase classname="runners.TestNGRTestRunner" name="runScenario" time="19.377"/>
  <testcase classname="runners.TestNGRTestRunner" name="runScenario" time="10.468"/>
  <testcase classname="runners.TestNGRTestRunner" name="runScenario" time="5.079"/>
  <testcase classname="runners.TestNGRTestRunner" name="runScenario" time="3.346"/>
  <testcase classname="runners.TestNGRTestRunner" name="runScenario" time="6.236"/>
  <testcase classname="runners.TestNGRTestRunner" name="runScenario" time="5.867"/>
  <testcase classname="runners.TestNGRTestRunner" name="runScenario" time="7.400"/>
  <testcase classname="runners.TestNGRTestRunner" name="runScenario" time="7.121"/>
  <testcase classname="runners.TestNGRTestRunner" name="runScenario" time="4.270">
    <failure message="first option is not selected by default! expected [true] but found [false]" type="java.lang.AssertionError">
      <![CDATA[java.lang.AssertionError: first option is not selected by default! expected [true] but found [false]
at org.testng.Assert.fail(Assert.java:111)
at org.testng.Assert.failNotEquals(Assert.java:1590)
at org.testng.Assert.assertTrue(Assert.java:57)
at stepDefinitions.GiftCertificatePageStepDefinitions.user_should_see_a_default_theme_birthday_or_first_option_is_selected_by_default(GiftCertificatePageStepDefinitions.java:58)
at ✽.User should see a default theme Birthday or first option is selected by default(file:///C:/Users/Sumit/eclipse-workspace/NewAccount02092025/cucumber-selenium-tutorialsninja/src/test/java/features/GiftCeritficate.feature:24)
]]>
    </failure>
  </testcase> <!-- runScenario -->
  <testcase classname="runners.TestNGRTestRunner" name="runScenario" time="5.252"/>
  <testcase classname="runners.TestNGRTestRunner" name="runScenario" time="8.559"/>
  <testcase classname="runners.TestNGRTestRunner" name="runScenario" time="6.813"/>
  <testcase classname="runners.TestNGRTestRunner" name="runScenario" time="7.811">
    <failure message="Company name field accepted more than 50 characters unexpectedly! expected [true] but found [false]" type="java.lang.AssertionError">
      <![CDATA[java.lang.AssertionError: Company name field accepted more than 50 characters unexpectedly! expected [true] but found [false]
at org.testng.Assert.fail(Assert.java:111)
at org.testng.Assert.failNotEquals(Assert.java:1590)
at org.testng.Assert.assertTrue(Assert.java:57)
at stepDefinitions.AffiliateAccountStepDefinitions.user_enters_company_name_of_more_than_characters_and_form_should_be_submitted_successfully(AffiliateAccountStepDefinitions.java:80)
at ✽.User enters company name of more than 50 characters and form should be submitted successfully(file:///C:/Users/Sumit/eclipse-workspace/NewAccount02092025/cucumber-selenium-tutorialsninja/src/test/java/features/AffiliateFunctionality.feature:66)
]]>
    </failure>
  </testcase> <!-- runScenario -->
  <testcase classname="runners.TestNGRTestRunner" name="runScenario" time="6.848"/>
  <testcase classname="runners.TestNGRTestRunner" name="runScenario" time="6.339"/>
  <testcase classname="runners.TestNGRTestRunner" name="runScenario" time="15.350"/>
  <testcase classname="runners.TestNGRTestRunner" name="runScenario" time="6.186"/>
  <testcase classname="runners.TestNGRTestRunner" name="runScenario" time="11.590"/>
  <testcase classname="runners.TestNGRTestRunner" name="runScenario" time="6.144"/>
  <testcase classname="runners.TestNGRTestRunner" name="runScenario" time="3.362"/>
  <testcase classname="runners.TestNGRTestRunner" name="runScenario" time="8.546"/>
  <testcase classname="runners.TestNGRTestRunner" name="runScenario" time="11.094"/>
  <testcase classname="runners.TestNGRTestRunner" name="runScenario" time="6.133"/>
  <testcase classname="runners.TestNGRTestRunner" name="runScenario" time="7.955"/>
  <testcase classname="runners.TestNGRTestRunner" name="runScenario" time="6.524"/>
  <testcase classname="runners.TestNGRTestRunner" name="runScenario" time="5.545"/>
  <testcase classname="runners.TestNGRTestRunner" name="runScenario" time="6.292"/>
  <testcase classname="runners.TestNGRTestRunner" name="runScenario" time="4.109"/>
  <testcase classname="runners.TestNGRTestRunner" name="runScenario" time="3.363"/>
  <testcase classname="runners.TestNGRTestRunner" name="runScenario" time="3.588"/>
  <testcase classname="runners.TestNGRTestRunner" name="runScenario" time="5.521"/>
  <testcase classname="runners.TestNGRTestRunner" name="runScenario" time="8.683"/>
  <testcase classname="runners.TestNGRTestRunner" name="runScenario" time="4.697"/>
  <testcase classname="runners.TestNGRTestRunner" name="runScenario" time="5.102"/>
  <testcase classname="runners.TestNGRTestRunner" name="runScenario" time="3.896"/>
  <testcase classname="runners.TestNGRTestRunner" name="runScenario" time="5.640"/>
  <testcase classname="runners.TestNGRTestRunner" name="runScenario" time="4.891"/>
  <testcase classname="runners.TestNGRTestRunner" name="runScenario" time="19.203"/>
  <testcase classname="runners.TestNGRTestRunner" name="runScenario" time="4.803"/>
  <testcase classname="runners.TestNGRTestRunner" name="runScenario" time="8.838"/>
  <testcase classname="runners.TestNGRTestRunner" name="runScenario" time="3.699"/>
  <testcase classname="runners.TestNGRTestRunner" name="runScenario" time="7.558"/>
  <testcase classname="runners.TestNGRTestRunner" name="runScenario" time="9.560"/>
  <testcase classname="runners.TestNGRTestRunner" name="runScenario" time="17.065">
    <error message="no such element: Unable to locate element: {&quot;method&quot;:&quot;xpath&quot;,&quot;selector&quot;:&quot;//div[contains(text(),&#039;Telephone must be between 3 and 32 characters!&#039;)]&quot;}
  (Session info: chrome=142.0.7444.61)
For documentation on this error, please visit: https://www.selenium.dev/documentation/webdriver/troubleshooting/errors#no-such-element-exception
Build info: version: &#039;4.35.0&#039;, revision: &#039;1c58e5028b&#039;
System info: os.name: &#039;Windows 11&#039;, os.arch: &#039;amd64&#039;, os.version: &#039;10.0&#039;, java.version: &#039;17.0.12&#039;
Driver info: org.openqa.selenium.chrome.ChromeDriver
Command: [cb6bfaa79d218939b801d0a4068ddd69, findElement {value=//div[contains(text(),&#039;Telephone must be between 3 and 32 characters!&#039;)], using=xpath}]
Capabilities {acceptInsecureCerts: false, browserName: chrome, browserVersion: 142.0.7444.61, chrome: {chromedriverVersion: 142.0.7444.162 (c076baf266c..., userDataDir: C:\Users\Sumit\AppData\Loca...}, fedcm:accounts: true, goog:chromeOptions: {debuggerAddress: localhost:56078}, goog:processID: 11312, networkConnectionEnabled: false, pageLoadStrategy: normal, platformName: windows, proxy: Proxy(), se:cdp: ws://localhost:56078/devtoo..., se:cdpVersion: 142.0.7444.61, setWindowRect: true, strictFileInteractability: false, timeouts: {implicit: 0, pageLoad: 300000, script: 30000}, unhandledPromptBehavior: dismiss and notify, webauthn:extension:credBlob: true, webauthn:extension:largeBlob: true, webauthn:extension:minPinLength: true, webauthn:extension:prf: true, webauthn:virtualAuthenticators: true}
Session ID: cb6bfaa79d218939b801d0a4068ddd69" type="org.openqa.selenium.NoSuchElementException">
      <![CDATA[org.openqa.selenium.NoSuchElementException: no such element: Unable to locate element: {"method":"xpath","selector":"//div[contains(text(),'Telephone must be between 3 and 32 characters!')]"}
  (Session info: chrome=142.0.7444.61)
For documentation on this error, please visit: https://www.selenium.dev/documentation/webdriver/troubleshooting/errors#no-such-element-exception
Build info: version: '4.35.0', revision: '1c58e5028b'
System info: os.name: 'Windows 11', os.arch: 'amd64', os.version: '10.0', java.version: '17.0.12'
Driver info: org.openqa.selenium.chrome.ChromeDriver
Command: [cb6bfaa79d218939b801d0a4068ddd69, findElement {value=//div[contains(text(),'Telephone must be between 3 and 32 characters!')], using=xpath}]
Capabilities {acceptInsecureCerts: false, browserName: chrome, browserVersion: 142.0.7444.61, chrome: {chromedriverVersion: 142.0.7444.162 (c076baf266c..., userDataDir: C:\Users\Sumit\AppData\Loca...}, fedcm:accounts: true, goog:chromeOptions: {debuggerAddress: localhost:56078}, goog:processID: 11312, networkConnectionEnabled: false, pageLoadStrategy: normal, platformName: windows, proxy: Proxy(), se:cdp: ws://localhost:56078/devtoo..., se:cdpVersion: 142.0.7444.61, setWindowRect: true, strictFileInteractability: false, timeouts: {implicit: 0, pageLoad: 300000, script: 30000}, unhandledPromptBehavior: dismiss and notify, webauthn:extension:credBlob: true, webauthn:extension:largeBlob: true, webauthn:extension:minPinLength: true, webauthn:extension:prf: true, webauthn:virtualAuthenticators: true}
Session ID: cb6bfaa79d218939b801d0a4068ddd69
at jdk.internal.reflect.GeneratedConstructorAccessor55.newInstance(Unknown Source)
at java.base/jdk.internal.reflect.DelegatingConstructorAccessorImpl.newInstance(DelegatingConstructorAccessorImpl.java:45)
at java.base/java.lang.reflect.Constructor.newInstanceWithCaller(Constructor.java:499)
at java.base/java.lang.reflect.Constructor.newInstance(Constructor.java:480)
at org.openqa.selenium.remote.ErrorCodec.decode(ErrorCodec.java:167)
at org.openqa.selenium.remote.codec.w3c.W3CHttpResponseCodec.decode(W3CHttpResponseCodec.java:138)
at org.openqa.selenium.remote.codec.w3c.W3CHttpResponseCodec.decode(W3CHttpResponseCodec.java:50)
at org.openqa.selenium.remote.HttpCommandExecutor.execute(HttpCommandExecutor.java:215)
at org.openqa.selenium.remote.service.DriverCommandExecutor.invokeExecute(DriverCommandExecutor.java:216)
at org.openqa.selenium.remote.service.DriverCommandExecutor.execute(DriverCommandExecutor.java:174)
at org.openqa.selenium.remote.RemoteWebDriver.execute(RemoteWebDriver.java:557)
at org.openqa.selenium.remote.ElementLocation$ElementFinder$2.findElement(ElementLocation.java:165)
at org.openqa.selenium.remote.ElementLocation.findElement(ElementLocation.java:59)
at org.openqa.selenium.remote.RemoteWebDriver.findElement(RemoteWebDriver.java:380)
at org.openqa.selenium.remote.RemoteWebDriver.findElement(RemoteWebDriver.java:374)
at org.openqa.selenium.support.pagefactory.DefaultElementLocator.findElement(DefaultElementLocator.java:68)
at org.openqa.selenium.support.pagefactory.internal.LocatingElementHandler.invoke(LocatingElementHandler.java:38)
at jdk.proxy2/jdk.proxy2.$Proxy41.getText(Unknown Source)
at pageObjects.RegisterPage.getTelephoneWarningMessage(RegisterPage.java:460)
at stepDefinitions.RegisterPageStepDefinitions.user_should_get_warning_message_for_these_mandatory_fields(RegisterPageStepDefinitions.java:233)
at ✽.User should get warning message for these Mandatory fields for spaces(file:///C:/Users/Sumit/eclipse-workspace/NewAccount02092025/cucumber-selenium-tutorialsninja/src/test/java/features/RegisterAccount.feature:146)
]]>
    </error>
  </testcase> <!-- runScenario -->
  <testcase classname="runners.TestNGRTestRunner" name="runScenario" time="13.967"/>
  <testcase classname="runners.TestNGRTestRunner" name="runScenario" time="5.112"/>
  <testcase classname="runners.TestNGRTestRunner" name="runScenario" time="6.213"/>
  <testcase classname="runners.TestNGRTestRunner" name="runScenario" time="5.343"/>
  <testcase classname="runners.TestNGRTestRunner" name="runScenario" time="6.443"/>
  <testcase classname="runners.TestNGRTestRunner" name="runScenario" time="9.230">
    <failure message="addToCart button is enabled for outofStock product! expected [true] but found [false]" type="java.lang.AssertionError">
      <![CDATA[java.lang.AssertionError: addToCart button is enabled for outofStock product! expected [true] but found [false]
at org.testng.Assert.fail(Assert.java:111)
at org.testng.Assert.failNotEquals(Assert.java:1590)
at org.testng.Assert.assertTrue(Assert.java:57)
at stepDefinitions.myWishListPageStepDefinitions.add_to_cart_button_must_be_disabled_for_out_of_stock_product_on_my_wishlist_page(myWishListPageStepDefinitions.java:22)
at ✽.Add to cart button must be disabled for out of stock product on my wishlist page(file:///C:/Users/Sumit/eclipse-workspace/NewAccount02092025/cucumber-selenium-tutorialsninja/src/test/java/features/WishList.feature:223)
]]>
    </failure>
  </testcase> <!-- runScenario -->
  <testcase classname="runners.TestNGRTestRunner" name="runScenario" time="10.340"/>
  <testcase classname="runners.TestNGRTestRunner" name="runScenario" time="13.073"/>
  <testcase classname="runners.TestNGRTestRunner" name="runScenario" time="8.658"/>
  <testcase classname="runners.TestNGRTestRunner" name="runScenario" time="4.360"/>
  <testcase classname="runners.TestNGRTestRunner" name="runScenario" time="15.786"/>
  <testcase classname="runners.TestNGRTestRunner" name="runScenario" time="11.322"/>
  <testcase classname="runners.TestNGRTestRunner" name="runScenario" time="24.396"/>
  <testcase classname="runners.TestNGRTestRunner" name="runScenario" time="8.040"/>
  <testcase classname="runners.TestNGRTestRunner" name="runScenario" time="10.061"/>
  <testcase classname="runners.TestNGRTestRunner" name="runScenario" time="5.795"/>
  <testcase classname="runners.TestNGRTestRunner" name="runScenario" time="5.589"/>
  <testcase classname="runners.TestNGRTestRunner" name="runScenario" time="5.451">
    <failure message="AddToCart behaviour is not correct! expected [true] but found [false]" type="java.lang.AssertionError">
      <![CDATA[java.lang.AssertionError: AddToCart behaviour is not correct! expected [true] but found [false]
at org.testng.Assert.fail(Assert.java:111)
at org.testng.Assert.failNotEquals(Assert.java:1590)
at org.testng.Assert.assertTrue(Assert.java:57)
at stepDefinitions.ShoppingCartStepDefinitions.user_can_see_availability_as_out_of_stock_then_user_cannot_add_product_product_to_cart_or_error_message_should_be_displayed(ShoppingCartStepDefinitions.java:116)
at ✽.User can see availability as out of stock then user cannot add product product to cart or error message should be displayed!(file:///C:/Users/Sumit/eclipse-workspace/NewAccount02092025/cucumber-selenium-tutorialsninja/src/test/java/features/ShoppingCartFuncationality.feature:81)
]]>
    </failure>
  </testcase> <!-- runScenario -->
  <testcase classname="runners.TestNGRTestRunner" name="runScenario" time="2.961"/>
  <testcase classname="runners.TestNGRTestRunner" name="runScenario" time="3.531"/>
  <testcase classname="runners.TestNGRTestRunner" name="runScenario" time="43.195"/>
  <testcase classname="runners.TestNGRTestRunner" name="runScenario" time="2.493"/>
  <testcase classname="runners.TestNGRTestRunner" name="runScenario" time="6.396"/>
  <testcase classname="runners.TestNGRTestRunner" name="runScenario" time="5.138"/>
  <testcase classname="runners.TestNGRTestRunner" name="runScenario" time="7.243"/>
  <testcase classname="runners.TestNGRTestRunner" name="runScenario" time="10.880"/>
  <testcase classname="runners.TestNGRTestRunner" name="runScenario" time="9.041"/>
  <testcase classname="runners.TestNGRTestRunner" name="runScenario" time="3.576"/>
  <testcase classname="runners.TestNGRTestRunner" name="runScenario" time="25.142">
    <failure message="User is not see success message for contact us form filled! expected [true] but found [false]" type="java.lang.AssertionError">
      <![CDATA[java.lang.AssertionError: User is not see success message for contact us form filled! expected [true] but found [false]
at org.testng.Assert.fail(Assert.java:111)
at org.testng.Assert.failNotEquals(Assert.java:1590)
at org.testng.Assert.assertTrue(Assert.java:57)
at stepDefinitions.ContactUsPageStepDefinitions.user_should_see_success_message_with_text_should_be_displayed(ContactUsPageStepDefinitions.java:90)
at ✽.User should see success message with text 'Your Enquiry has been Submitted!' should be displayed(file:///C:/Users/Sumit/eclipse-workspace/NewAccount02092025/cucumber-selenium-tutorialsninja/src/test/java/features/ContactUsFunctionality.feature:33)
]]>
    </failure>
  </testcase> <!-- runScenario -->
  <testcase classname="runners.TestNGRTestRunner" name="runScenario" time="20.775"/>
  <testcase classname="runners.TestNGRTestRunner" name="runScenario" time="7.997"/>
  <testcase classname="runners.TestNGRTestRunner" name="runScenario" time="7.122"/>
  <testcase classname="runners.TestNGRTestRunner" name="runScenario" time="8.766"/>
  <testcase classname="runners.TestNGRTestRunner" name="runScenario" time="6.679">
    <failure message="FirstName field found spaces expected [    liZS    ] but found [null]" type="java.lang.AssertionError">
      <![CDATA[java.lang.AssertionError: FirstName field found spaces expected [    liZS    ] but found [null]
at org.testng.Assert.fail(Assert.java:111)
at org.testng.Assert.failNotEquals(Assert.java:1590)
at org.testng.Assert.assertEqualsImpl(Assert.java:150)
at org.testng.Assert.assertEquals(Assert.java:132)
at org.testng.Assert.assertEquals(Assert.java:656)
at stepDefinitions.RegisterPageStepDefinitions.user_should_able_to_see_account_created_by_information_after_removing_leading_and_trailing_spaces(RegisterPageStepDefinitions.java:298)
at ✽.User should able to see account created by information after removing leading and trailing spaces(file:///C:/Users/Sumit/eclipse-workspace/NewAccount02092025/cucumber-selenium-tutorialsninja/src/test/java/features/RegisterAccount.feature:178)
]]>
    </failure>
  </testcase> <!-- runScenario -->
  <testcase classname="runners.TestNGRTestRunner" name="runScenario" time="4.271"/>
  <testcase classname="runners.TestNGRTestRunner" name="runScenario" time="11.611"/>
  <testcase classname="runners.TestNGRTestRunner" name="runScenario" time="4.827"/>
  <testcase classname="runners.TestNGRTestRunner" name="runScenario" time="4.075"/>
  <testcase classname="runners.TestNGRTestRunner" name="runScenario" time="4.616"/>
  <testcase classname="runners.TestNGRTestRunner" name="runScenario" time="3.755"/>
  <testcase classname="runners.TestNGRTestRunner" name="runScenario" time="7.277"/>
  <testcase classname="runners.TestNGRTestRunner" name="runScenario" time="8.306"/>
  <testcase classname="runners.TestNGRTestRunner" name="runScenario" time="26.636">
    <failure message="success message is not displayed for contact us form! expected [true] but found [false]" type="java.lang.AssertionError">
      <![CDATA[java.lang.AssertionError: success message is not displayed for contact us form! expected [true] but found [false]
at org.testng.Assert.fail(Assert.java:111)
at org.testng.Assert.failNotEquals(Assert.java:1590)
at org.testng.Assert.assertTrue(Assert.java:57)
at stepDefinitions.ContactUsPageStepDefinitions.user_must_see_success_message_with_text_your_enquiry_has_been_submitted_should_be_displayed(ContactUsPageStepDefinitions.java:50)
at ✽.User must see success Message with text Your Enquiry has been Submitted should be displayed(file:///C:/Users/Sumit/eclipse-workspace/NewAccount02092025/cucumber-selenium-tutorialsninja/src/test/java/features/ContactUsFunctionality.feature:64)
]]>
    </failure>
  </testcase> <!-- runScenario -->
  <testcase classname="runners.TestNGRTestRunner" name="runScenario" time="10.481"/>
  <testcase classname="runners.TestNGRTestRunner" name="runScenario" time="2.757"/>
  <testcase classname="runners.TestNGRTestRunner" name="runScenario" time="5.624"/>
  <testcase classname="runners.TestNGRTestRunner" name="runScenario" time="6.149"/>
  <testcase classname="runners.TestNGRTestRunner" name="runScenario" time="8.190"/>
  <testcase classname="runners.TestNGRTestRunner" name="runScenario" time="8.477"/>
  <testcase classname="runners.TestNGRTestRunner" name="runScenario" time="15.696"/>
  <testcase classname="runners.TestNGRTestRunner" name="runScenario" time="6.559"/>
  <testcase classname="runners.TestNGRTestRunner" name="runScenario" time="8.943">
    <failure message="Tax field is accepting special characters! expected [false] but found [true]" type="java.lang.AssertionError">
      <![CDATA[java.lang.AssertionError: Tax field is accepting special characters! expected [false] but found [true]
at org.testng.Assert.fail(Assert.java:111)
at org.testng.Assert.failNotEquals(Assert.java:1590)
at org.testng.Assert.assertFalse(Assert.java:79)
at pageObjects.AffiliateAccountPage.verifyTaxIdFieldDoesNotAcceptSpecialChars(AffiliateAccountPage.java:359)
at stepDefinitions.AffiliateAccountStepDefinitions.user_enters_special_characters_in_tax_field_and_fill_all_other_details(AffiliateAccountStepDefinitions.java:96)
at ✽.User enters special characters in Tax field and fill all other details(file:///C:/Users/Sumit/eclipse-workspace/NewAccount02092025/cucumber-selenium-tutorialsninja/src/test/java/features/AffiliateFunctionality.feature:48)
]]>
    </failure>
  </testcase> <!-- runScenario -->
  <testcase classname="runners.TestNGRTestRunner" name="runScenario" time="7.868"/>
  <testcase classname="runners.TestNGRTestRunner" name="runScenario" time="16.323"/>
  <testcase classname="runners.TestNGRTestRunner" name="runScenario" time="7.760"/>
  <testcase classname="runners.TestNGRTestRunner" name="runScenario" time="3.959"/>
  <testcase classname="runners.TestNGRTestRunner" name="runScenario" time="2.700"/>
  <testcase classname="runners.TestNGRTestRunner" name="runScenario" time="14.264"/>
  <testcase classname="runners.TestNGRTestRunner" name="runScenario" time="7.411"/>
  <testcase classname="runners.TestNGRTestRunner" name="runScenario" time="4.704"/>
  <testcase classname="runners.TestNGRTestRunner" name="runScenario" time="8.754"/>
  <testcase classname="runners.TestNGRTestRunner" name="runScenario" time="5.775"/>
  <testcase classname="runners.TestNGRTestRunner" name="runScenario" time="5.450"/>
  <testcase classname="runners.TestNGRTestRunner" name="runScenario" time="7.966"/>
  <testcase classname="runners.TestNGRTestRunner" name="runScenario" time="4.131"/>
  <testcase classname="runners.TestNGRTestRunner" name="runScenario" time="31.084"/>
  <testcase classname="runners.TestNGRTestRunner" name="runScenario" time="5.923"/>
  <testcase classname="runners.TestNGRTestRunner" name="runScenario" time="4.037"/>
  <testcase classname="runners.TestNGRTestRunner" name="runScenario" time="8.906"/>
  <testcase classname="runners.TestNGRTestRunner" name="runScenario" time="10.981"/>
  <testcase classname="runners.TestNGRTestRunner" name="runScenario" time="4.524"/>
  <testcase classname="runners.TestNGRTestRunner" name="runScenario" time="5.492"/>
  <testcase classname="runners.TestNGRTestRunner" name="runScenario" time="3.698"/>
  <testcase classname="runners.TestNGRTestRunner" name="runScenario" time="16.055"/>
  <testcase classname="runners.TestNGRTestRunner" name="runScenario" time="10.572">
    <failure message="telephone field is not validating characters! expected [true] but found [false]" type="java.lang.AssertionError">
      <![CDATA[java.lang.AssertionError: telephone field is not validating characters! expected [true] but found [false]
at org.testng.Assert.fail(Assert.java:111)
at org.testng.Assert.failNotEquals(Assert.java:1590)
at org.testng.Assert.assertTrue(Assert.java:57)
at stepDefinitions.EditYourInformationStepDefinitions.user_cannot_add_characters_in_telephone_field(EditYourInformationStepDefinitions.java:64)
at ✽.User cannot add characters in telephone field validates the correct behaviour(file:///C:/Users/Sumit/eclipse-workspace/NewAccount02092025/cucumber-selenium-tutorialsninja/src/test/java/features/MyAccount-AccountInformation.feature:84)
]]>
    </failure>
  </testcase> <!-- runScenario -->
  <testcase classname="runners.TestNGRTestRunner" name="runScenario" time="6.852"/>
  <testcase classname="runners.TestNGRTestRunner" name="runScenario" time="6.807"/>
  <testcase classname="runners.TestNGRTestRunner" name="runScenario" time="7.482"/>
  <testcase classname="runners.TestNGRTestRunner" name="runScenario" time="2.712"/>
  <testcase classname="runners.TestNGRTestRunner" name="runScenario" time="10.427"/>
  <testcase classname="runners.TestNGRTestRunner" name="runScenario" time="7.471"/>
  <testcase classname="runners.TestNGRTestRunner" name="runScenario" time="6.514"/>
  <testcase classname="runners.TestNGRTestRunner" name="runScenario" time="5.011"/>
  <testcase classname="runners.TestNGRTestRunner" name="runScenario" time="18.764"/>
  <testcase classname="runners.TestNGRTestRunner" name="runScenario" time="7.835"/>
  <testcase classname="runners.TestNGRTestRunner" name="runScenario" time="6.926"/>
  <testcase classname="runners.TestNGRTestRunner" name="runScenario" time="7.690"/>
  <testcase classname="runners.TestNGRTestRunner" name="runScenario" time="20.738">
    <failure message="Expected postcode validation message was not displayed. Application allowed invalid postcode! expected [true] but found [false]" type="java.lang.AssertionError">
      <![CDATA[java.lang.AssertionError: Expected postcode validation message was not displayed. Application allowed invalid postcode! expected [true] but found [false]
at org.testng.Assert.fail(Assert.java:111)
at org.testng.Assert.failNotEquals(Assert.java:1590)
at org.testng.Assert.assertTrue(Assert.java:57)
at stepDefinitions.AddressBookStepDefinitions.user_should_see_correct_error_message_of_invalid_postcode_field(AddressBookStepDefinitions.java:88)
at ✽.User should see correct error message of invalid postcode field(file:///C:/Users/Sumit/eclipse-workspace/NewAccount02092025/cucumber-selenium-tutorialsninja/src/test/java/features/AddressBook.feature:56)
]]>
    </failure>
  </testcase> <!-- runScenario -->
  <testcase classname="runners.TestNGRTestRunner" name="runScenario" time="3.465"/>
  <testcase classname="runners.TestNGRTestRunner" name="runScenario" time="10.503"/>
  <testcase classname="runners.TestNGRTestRunner" name="runScenario" time="5.565"/>
  <testcase classname="runners.TestNGRTestRunner" name="runScenario" time="10.099"/>
  <testcase classname="runners.TestNGRTestRunner" name="runScenario" time="4.696"/>
  <testcase classname="runners.TestNGRTestRunner" name="runScenario" time="5.400"/>
  <testcase classname="runners.TestNGRTestRunner" name="runScenario" time="3.040"/>
  <testcase classname="runners.TestNGRTestRunner" name="runScenario" time="9.037"/>
  <testcase classname="runners.TestNGRTestRunner" name="runScenario" time="4.628">
    <failure message="warning message is not displaying for negative values! expected [true] but found [false]" type="java.lang.AssertionError">
      <![CDATA[java.lang.AssertionError: warning message is not displaying for negative values! expected [true] but found [false]
at org.testng.Assert.fail(Assert.java:111)
at org.testng.Assert.failNotEquals(Assert.java:1590)
at org.testng.Assert.assertTrue(Assert.java:57)
at stepDefinitions.ProductDisplayPageStepDefinitions.user_search_product_and_verify_by_adding_quantity_to_zero_negative_or_null_then_warning_message_should_be_displayed(ProductDisplayPageStepDefinitions.java:26)
at ✽.User search product and verify by adding quantity to zero, negative or null then warning message should be displayed(file:///C:/Users/Sumit/eclipse-workspace/NewAccount02092025/cucumber-selenium-tutorialsninja/src/test/java/features/ProductDisplay.feature:63)
]]>
    </failure>
  </testcase> <!-- runScenario -->
  <testcase classname="runners.TestNGRTestRunner" name="runScenario" time="11.786"/>
  <testcase classname="runners.TestNGRTestRunner" name="runScenario" time="5.868"/>
  <testcase classname="runners.TestNGRTestRunner" name="runScenario" time="8.288"/>
  <testcase classname="runners.TestNGRTestRunner" name="runScenario" time="3.719"/>
  <testcase classname="runners.TestNGRTestRunner" name="runScenario" time="4.448"/>
  <testcase classname="runners.TestNGRTestRunner" name="runScenario" time="2.531"/>
  <testcase classname="runners.TestNGRTestRunner" name="runScenario" time="41.714"/>
  <testcase classname="runners.TestNGRTestRunner" name="runScenario" time="7.822"/>
  <testcase classname="runners.TestNGRTestRunner" name="runScenario" time="7.043"/>
  <testcase classname="runners.TestNGRTestRunner" name="runScenario" time="6.550"/>
  <testcase classname="runners.TestNGRTestRunner" name="runScenario" time="5.559"/>
  <testcase classname="runners.TestNGRTestRunner" name="runScenario" time="4.073"/>
  <testcase classname="runners.TestNGRTestRunner" name="runScenario" time="26.503"/>
  <testcase classname="runners.TestNGRTestRunner" name="runScenario" time="1230.010"/>
  <testcase classname="runners.TestNGRTestRunner" name="runScenario" time="3.650"/>
  <testcase classname="runners.TestNGRTestRunner" name="runScenario" time="6.106"/>
  <testcase classname="runners.TestNGRTestRunner" name="runScenario" time="5.415"/>
  <testcase classname="runners.TestNGRTestRunner" name="runScenario" time="13.029"/>
  <testcase classname="runners.TestNGRTestRunner" name="runScenario" time="6.455"/>
  <testcase classname="runners.TestNGRTestRunner" name="runScenario" time="8.777"/>
  <testcase classname="runners.TestNGRTestRunner" name="runScenario" time="5.412"/>
  <testcase classname="runners.TestNGRTestRunner" name="runScenario" time="4.704"/>
  <testcase classname="runners.TestNGRTestRunner" name="runScenario" time="21.017"/>
  <testcase classname="runners.TestNGRTestRunner" name="runScenario" time="4.621"/>
  <testcase classname="runners.TestNGRTestRunner" name="runScenario" time="5.643"/>
  <testcase classname="runners.TestNGRTestRunner" name="runScenario" time="8.453"/>
  <testcase classname="runners.TestNGRTestRunner" name="runScenario" time="5.845"/>
  <testcase classname="runners.TestNGRTestRunner" name="runScenario" time="7.728"/>
  <testcase classname="runners.TestNGRTestRunner" name="runScenario" time="9.482"/>
  <testcase classname="runners.TestNGRTestRunner" name="runScenario" time="5.332"/>
  <testcase classname="runners.TestNGRTestRunner" name="runScenario" time="5.939"/>
  <testcase classname="runners.TestNGRTestRunner" name="runScenario" time="7.645"/>
  <testcase classname="runners.TestNGRTestRunner" name="runScenario" time="7.880"/>
  <testcase classname="runners.TestNGRTestRunner" name="runScenario" time="7.265"/>
  <testcase classname="runners.TestNGRTestRunner" name="runScenario" time="7.717"/>
  <testcase classname="runners.TestNGRTestRunner" name="runScenario" time="6.703"/>
  <testcase classname="runners.TestNGRTestRunner" name="runScenario" time="4.556"/>
  <testcase classname="runners.TestNGRTestRunner" name="runScenario" time="3.717"/>
  <testcase classname="runners.TestNGRTestRunner" name="runScenario" time="14.802">
    <failure message="Order history headers are not displayed as expected! expected [true] but found [false]" type="java.lang.AssertionError">
      <![CDATA[java.lang.AssertionError: Order history headers are not displayed as expected! expected [true] but found [false]
at org.testng.Assert.fail(Assert.java:111)
at org.testng.Assert.failNotEquals(Assert.java:1590)
at org.testng.Assert.assertTrue(Assert.java:57)
at stepDefinitions.OrderHistoryStepDefinitions.all_required_columns_and_headers_should_be_displayed_correctly(OrderHistoryStepDefinitions.java:33)
at ✽.All required columns and headers should be displayed correctly(file:///C:/Users/Sumit/eclipse-workspace/NewAccount02092025/cucumber-selenium-tutorialsninja/src/test/java/features/OrderHistory.feature:124)
]]>
    </failure>
  </testcase> <!-- runScenario -->
  <testcase classname="runners.TestNGRTestRunner" name="runScenario" time="7.846"/>
  <testcase classname="runners.TestNGRTestRunner" name="runScenario" time="3.359"/>
  <testcase classname="runners.TestNGRTestRunner" name="runScenario" time="5.297"/>
  <testcase classname="runners.TestNGRTestRunner" name="runScenario" time="7.004"/>
  <testcase classname="runners.TestNGRTestRunner" name="runScenario" time="6.290"/>
  <testcase classname="runners.TestNGRTestRunner" name="runScenario" time="6.644"/>
  <testcase classname="runners.TestNGRTestRunner" name="runScenario" time="5.105"/>
  <testcase classname="runners.TestNGRTestRunner" name="runScenario" time="22.042"/>
  <testcase classname="runners.TestNGRTestRunner" name="runScenario" time="17.728"/>
  <testcase classname="runners.TestNGRTestRunner" name="runScenario" time="8.587"/>
  <testcase classname="runners.TestNGRTestRunner" name="runScenario" time="3.359"/>
  <testcase classname="runners.TestNGRTestRunner" name="runScenario" time="4.021"/>
  <testcase classname="runners.TestNGRTestRunner" name="runScenario" time="4.372"/>
  <testcase classname="runners.TestNGRTestRunner" name="runScenario" time="6.180"/>
  <testcase classname="runners.TestNGRTestRunner" name="runScenario" time="8.537"/>
  <testcase classname="runners.TestNGRTestRunner" name="runScenario" time="12.950"/>
  <testcase classname="runners.TestNGRTestRunner" name="runScenario" time="4.924"/>
  <testcase classname="runners.TestNGRTestRunner" name="runScenario" time="8.236"/>
  <testcase classname="runners.TestNGRTestRunner" name="runScenario" time="4.952"/>
  <testcase classname="runners.TestNGRTestRunner" name="runScenario" time="6.287"/>
  <testcase classname="runners.TestNGRTestRunner" name="runScenario" time="10.241"/>
  <testcase classname="runners.TestNGRTestRunner" name="runScenario" time="9.454"/>
  <testcase classname="runners.TestNGRTestRunner" name="runScenario" time="2.503"/>
  <testcase classname="runners.TestNGRTestRunner" name="runScenario" time="3.312"/>
  <testcase classname="runners.TestNGRTestRunner" name="runScenario" time="4.035"/>
  <testcase classname="runners.TestNGRTestRunner" name="runScenario" time="5.629"/>
  <testcase classname="runners.TestNGRTestRunner" name="runScenario" time="8.736"/>
  <testcase classname="runners.TestNGRTestRunner" name="runScenario" time="14.569"/>
  <testcase classname="runners.TestNGRTestRunner" name="runScenario" time="6.712"/>
  <testcase classname="runners.TestNGRTestRunner" name="runScenario" time="6.796"/>
  <testcase classname="runners.TestNGRTestRunner" name="runScenario" time="4.324"/>
  <testcase classname="runners.TestNGRTestRunner" name="runScenario" time="9.195"/>
  <testcase classname="runners.TestNGRTestRunner" name="runScenario" time="4.026"/>
  <testcase classname="runners.TestNGRTestRunner" name="runScenario" time="3.971"/>
  <testcase classname="runners.TestNGRTestRunner" name="runScenario" time="7.888"/>
  <testcase classname="runners.TestNGRTestRunner" name="runScenario" time="7.125"/>
  <testcase classname="runners.TestNGRTestRunner" name="runScenario" time="6.232"/>
  <testcase classname="runners.TestNGRTestRunner" name="runScenario" time="8.840"/>
  <testcase classname="runners.TestNGRTestRunner" name="runScenario" time="15.260">
    <error message="no such element: Unable to locate element: {&quot;method&quot;:&quot;xpath&quot;,&quot;selector&quot;:&quot;//h1[normalize-space()=&#039;Product Comparison&#039;]&quot;}
  (Session info: chrome=142.0.7444.61)
For documentation on this error, please visit: https://www.selenium.dev/documentation/webdriver/troubleshooting/errors#no-such-element-exception
Build info: version: &#039;4.35.0&#039;, revision: &#039;1c58e5028b&#039;
System info: os.name: &#039;Windows 11&#039;, os.arch: &#039;amd64&#039;, os.version: &#039;10.0&#039;, java.version: &#039;17.0.12&#039;
Driver info: org.openqa.selenium.chrome.ChromeDriver
Command: [16b4c21a6bd1651242ac9cf338a70541, findElement {value=//h1[normalize-space()=&#039;Product Comparison&#039;], using=xpath}]
Capabilities {acceptInsecureCerts: false, browserName: chrome, browserVersion: 142.0.7444.61, chrome: {chromedriverVersion: 142.0.7444.162 (c076baf266c..., userDataDir: C:\Users\Sumit\AppData\Loca...}, fedcm:accounts: true, goog:chromeOptions: {debuggerAddress: localhost:54808}, goog:processID: 20860, networkConnectionEnabled: false, pageLoadStrategy: normal, platformName: windows, proxy: Proxy(), se:cdp: ws://localhost:54808/devtoo..., se:cdpVersion: 142.0.7444.61, setWindowRect: true, strictFileInteractability: false, timeouts: {implicit: 0, pageLoad: 300000, script: 30000}, unhandledPromptBehavior: dismiss and notify, webauthn:extension:credBlob: true, webauthn:extension:largeBlob: true, webauthn:extension:minPinLength: true, webauthn:extension:prf: true, webauthn:virtualAuthenticators: true}
Session ID: 16b4c21a6bd1651242ac9cf338a70541" type="org.openqa.selenium.NoSuchElementException">
      <![CDATA[org.openqa.selenium.NoSuchElementException: no such element: Unable to locate element: {"method":"xpath","selector":"//h1[normalize-space()='Product Comparison']"}
  (Session info: chrome=142.0.7444.61)
For documentation on this error, please visit: https://www.selenium.dev/documentation/webdriver/troubleshooting/errors#no-such-element-exception
Build info: version: '4.35.0', revision: '1c58e5028b'
System info: os.name: 'Windows 11', os.arch: 'amd64', os.version: '10.0', java.version: '17.0.12'
Driver info: org.openqa.selenium.chrome.ChromeDriver
Command: [16b4c21a6bd1651242ac9cf338a70541, findElement {value=//h1[normalize-space()='Product Comparison'], using=xpath}]
Capabilities {acceptInsecureCerts: false, browserName: chrome, browserVersion: 142.0.7444.61, chrome: {chromedriverVersion: 142.0.7444.162 (c076baf266c..., userDataDir: C:\Users\Sumit\AppData\Loca...}, fedcm:accounts: true, goog:chromeOptions: {debuggerAddress: localhost:54808}, goog:processID: 20860, networkConnectionEnabled: false, pageLoadStrategy: normal, platformName: windows, proxy: Proxy(), se:cdp: ws://localhost:54808/devtoo..., se:cdpVersion: 142.0.7444.61, setWindowRect: true, strictFileInteractability: false, timeouts: {implicit: 0, pageLoad: 300000, script: 30000}, unhandledPromptBehavior: dismiss and notify, webauthn:extension:credBlob: true, webauthn:extension:largeBlob: true, webauthn:extension:minPinLength: true, webauthn:extension:prf: true, webauthn:virtualAuthenticators: true}
Session ID: 16b4c21a6bd1651242ac9cf338a70541
at jdk.internal.reflect.GeneratedConstructorAccessor55.newInstance(Unknown Source)
at java.base/jdk.internal.reflect.DelegatingConstructorAccessorImpl.newInstance(DelegatingConstructorAccessorImpl.java:45)
at java.base/java.lang.reflect.Constructor.newInstanceWithCaller(Constructor.java:499)
at java.base/java.lang.reflect.Constructor.newInstance(Constructor.java:480)
at org.openqa.selenium.remote.ErrorCodec.decode(ErrorCodec.java:167)
at org.openqa.selenium.remote.codec.w3c.W3CHttpResponseCodec.decode(W3CHttpResponseCodec.java:138)
at org.openqa.selenium.remote.codec.w3c.W3CHttpResponseCodec.decode(W3CHttpResponseCodec.java:50)
at org.openqa.selenium.remote.HttpCommandExecutor.execute(HttpCommandExecutor.java:215)
at org.openqa.selenium.remote.service.DriverCommandExecutor.invokeExecute(DriverCommandExecutor.java:216)
at org.openqa.selenium.remote.service.DriverCommandExecutor.execute(DriverCommandExecutor.java:174)
at org.openqa.selenium.remote.RemoteWebDriver.execute(RemoteWebDriver.java:557)
at org.openqa.selenium.remote.ElementLocation$ElementFinder$2.findElement(ElementLocation.java:165)
at org.openqa.selenium.remote.ElementLocation.findElement(ElementLocation.java:59)
at org.openqa.selenium.remote.RemoteWebDriver.findElement(RemoteWebDriver.java:380)
at org.openqa.selenium.remote.RemoteWebDriver.findElement(RemoteWebDriver.java:374)
at org.openqa.selenium.support.pagefactory.DefaultElementLocator.findElement(DefaultElementLocator.java:68)
at org.openqa.selenium.support.pagefactory.internal.LocatingElementHandler.invoke(LocatingElementHandler.java:38)
at jdk.proxy2/jdk.proxy2.$Proxy41.getText(Unknown Source)
at pageObjects.ProductComparisonPage.getProductComparisonPageHeading(ProductComparisonPage.java:223)
at stepDefinitions.ProductComparisonStepDefinitions.user_should_be_taken_to_the_page_with_the_details_of_the_product_that_we_have_added_for_comparision(ProductComparisonStepDefinitions.java:34)
at ✽.User should be taken to the "Product Comparison" page with the details of the Product that we have added for comparision(file:///C:/Users/Sumit/eclipse-workspace/NewAccount02092025/cucumber-selenium-tutorialsninja/src/test/java/features/ProductCompare.feature:80)
]]>
    </error>
  </testcase> <!-- runScenario -->
  <testcase classname="runners.TestNGRTestRunner" name="runScenario" time="4.804"/>
  <testcase classname="runners.TestNGRTestRunner" name="runScenario" time="6.652"/>
  <testcase classname="runners.TestNGRTestRunner" name="runScenario" time="5.189"/>
  <testcase classname="runners.TestNGRTestRunner" name="runScenario" time="12.994"/>
  <testcase classname="runners.TestNGRTestRunner" name="runScenario" time="10.539"/>
  <testcase classname="runners.TestNGRTestRunner" name="runScenario" time="3.667"/>
  <testcase classname="runners.TestNGRTestRunner" name="runScenario" time="3.458"/>
  <testcase classname="runners.TestNGRTestRunner" name="runScenario" time="7.448"/>
  <testcase classname="runners.TestNGRTestRunner" name="runScenario" time="4.743"/>
  <testcase classname="runners.TestNGRTestRunner" name="runScenario" time="5.847"/>
  <testcase classname="runners.TestNGRTestRunner" name="runScenario" time="71.665"/>
  <testcase classname="runners.TestNGRTestRunner" name="runScenario" time="5.405"/>
  <testcase classname="runners.TestNGRTestRunner" name="runScenario" time="9.228"/>
  <testcase classname="runners.TestNGRTestRunner" name="runScenario" time="7.123"/>
  <testcase classname="runners.TestNGRTestRunner" name="runScenario" time="5.824"/>
  <testcase classname="runners.TestNGRTestRunner" name="runScenario" time="5.883"/>
  <testcase classname="runners.TestNGRTestRunner" name="runScenario" time="11.046"/>
  <testcase classname="runners.TestNGRTestRunner" name="runScenario" time="4.952"/>
  <testcase classname="runners.TestNGRTestRunner" name="runScenario" time="5.781"/>
  <testcase classname="runners.TestNGRTestRunner" name="runScenario" time="2.868"/>
  <testcase classname="runners.TestNGRTestRunner" name="runScenario" time="5.151"/>
  <testcase classname="runners.TestNGRTestRunner" name="runScenario" time="7.568"/>
  <testcase classname="runners.TestNGRTestRunner" name="runScenario" time="6.501"/>
  <testcase classname="runners.TestNGRTestRunner" name="runScenario" time="8.167"/>
  <testcase classname="runners.TestNGRTestRunner" name="runScenario" time="6.116"/>
  <testcase classname="runners.TestNGRTestRunner" name="runScenario" time="8.463"/>
  <testcase classname="runners.TestNGRTestRunner" name="runScenario" time="4.825"/>
  <testcase classname="runners.TestNGRTestRunner" name="runScenario" time="7.457"/>
  <testcase classname="runners.TestNGRTestRunner" name="runScenario" time="3.620"/>
  <testcase classname="runners.TestNGRTestRunner" name="runScenario" time="8.665"/>
  <testcase classname="runners.TestNGRTestRunner" name="runScenario" time="4.875"/>
  <testcase classname="runners.TestNGRTestRunner" name="runScenario" time="4.042"/>
  <testcase classname="runners.TestNGRTestRunner" name="runScenario" time="9.393"/>
  <testcase classname="runners.TestNGRTestRunner" name="runScenario" time="4.048"/>
  <testcase classname="runners.TestNGRTestRunner" name="runScenario" time="10.061"/>
  <testcase classname="runners.TestNGRTestRunner" name="runScenario" time="4.293"/>
  <testcase classname="runners.TestNGRTestRunner" name="runScenario" time="8.729"/>
  <testcase classname="runners.TestNGRTestRunner" name="runScenario" time="5.294"/>
  <testcase classname="runners.TestNGRTestRunner" name="runScenario" time="10.450"/>
  <testcase classname="runners.TestNGRTestRunner" name="runScenario" time="6.227"/>
  <testcase classname="runners.TestNGRTestRunner" name="runScenario" time="5.063"/>
  <testcase classname="runners.TestNGRTestRunner" name="runScenario" time="5.255"/>
  <testcase classname="runners.TestNGRTestRunner" name="runScenario" time="3.831"/>
  <testcase classname="runners.TestNGRTestRunner" name="runScenario" time="3.566"/>
  <testcase classname="runners.TestNGRTestRunner" name="runScenario" time="6.613"/>
  <testcase classname="runners.TestNGRTestRunner" name="runScenario" time="9.321"/>
  <testcase classname="runners.TestNGRTestRunner" name="runScenario" time="14.030"/>
  <testcase classname="runners.TestNGRTestRunner" name="runScenario" time="20.863"/>
  <testcase classname="runners.TestNGRTestRunner" name="runScenario" time="4.860"/>
  <testcase classname="runners.TestNGRTestRunner" name="runScenario" time="3.767"/>
</testsuite> <!-- runners.TestNGRTestRunner -->
